2025/05/05 14:01:52 [INFO] 2025-05-05 14:01:52 CDT logger.go:85 - Logger initialized, writing to logs/devlog_2025-05-05.log
2025/05/05 14:01:52 [INFO] 2025-05-05 14:01:52 CDT main.go:50 - Environment and paths loaded. Logger ready.
2025/05/05 14:01:52 [INFO] 2025-05-05 14:01:52 CDT config.go:186 - Using PayPal Sandbox environment
2025/05/05 14:01:52 [INFO] 2025-05-05 14:01:52 CDT main.go:61 - Pending payments preloaded successfully.
2025/05/05 14:01:52 [INFO] 2025-05-05 14:01:52 CDT config.go:58 - Running in development environment
2025/05/05 14:01:52 [INFO] 2025-05-05 14:01:52 CDT main.go:134 - Starting server on 0.0.0.0:5051
2025/05/05 14:01:52 [INFO] 2025-05-05 14:01:52 CDT membership_aggregator.go:25 - Membership aggregation completed
2025/05/05 14:01:59 [INFO] 2025-05-05 14:01:59 CDT logger.go:122 - HTTP GET /memberships from 127.0.0.1
2025/05/05 14:01:59 [INFO] 2025-05-05 14:01:59 CDT main.go:188 - GET /api/memberships took 16.217461ms
2025/05/05 14:02:52 [INFO] 2025-05-05 14:02:52 CDT membership_aggregator.go:25 - Membership aggregation completed
2025/05/05 14:03:52 [INFO] 2025-05-05 14:03:52 CDT membership_aggregator.go:25 - Membership aggregation completed
2025/05/05 14:04:52 [INFO] 2025-05-05 14:04:52 CDT membership_aggregator.go:25 - Membership aggregation completed
2025/05/05 14:05:52 [INFO] 2025-05-05 14:05:52 CDT membership_aggregator.go:25 - Membership aggregation completed
2025/05/05 14:06:52 [INFO] 2025-05-05 14:06:52 CDT membership_aggregator.go:25 - Membership aggregation completed
2025/05/05 14:07:52 [INFO] 2025-05-05 14:07:52 CDT membership_aggregator.go:25 - Membership aggregation completed
2025/05/05 14:08:52 [INFO] 2025-05-05 14:08:52 CDT membership_aggregator.go:25 - Membership aggregation completed
2025/05/05 14:09:52 [INFO] 2025-05-05 14:09:52 CDT membership_aggregator.go:25 - Membership aggregation completed
2025/05/05 14:10:52 [INFO] 2025-05-05 14:10:52 CDT membership_aggregator.go:25 - Membership aggregation completed
2025/05/05 14:11:52 [INFO] 2025-05-05 14:11:52 CDT membership_aggregator.go:25 - Membership aggregation completed
2025/05/05 14:12:52 [INFO] 2025-05-05 14:12:52 CDT membership_aggregator.go:25 - Membership aggregation completed
2025/05/05 14:13:52 [INFO] 2025-05-05 14:13:52 CDT membership_aggregator.go:25 - Membership aggregation completed
2025/05/05 14:14:52 [INFO] 2025-05-05 14:14:52 CDT membership_aggregator.go:25 - Membership aggregation completed
2025/05/05 14:15:52 [INFO] 2025-05-05 14:15:52 CDT membership_aggregator.go:25 - Membership aggregation completed
2025/05/05 14:16:52 [INFO] 2025-05-05 14:16:52 CDT membership_aggregator.go:25 - Membership aggregation completed
2025/05/05 14:17:52 [INFO] 2025-05-05 14:17:52 CDT membership_aggregator.go:25 - Membership aggregation completed
2025/05/05 14:18:52 [INFO] 2025-05-05 14:18:52 CDT membership_aggregator.go:25 - Membership aggregation completed
2025/05/05 14:19:52 [INFO] 2025-05-05 14:19:52 CDT membership_aggregator.go:25 - Membership aggregation completed
2025/05/05 14:20:52 [INFO] 2025-05-05 14:20:52 CDT membership_aggregator.go:25 - Membership aggregation completed
2025/05/05 14:21:52 [INFO] 2025-05-05 14:21:52 CDT membership_aggregator.go:25 - Membership aggregation completed
2025/05/05 16:21:51 [INFO] 2025-05-05 16:21:51 CDT membership_aggregator.go:25 - Membership aggregation completed
2025/05/05 16:22:51 [INFO] 2025-05-05 16:22:51 CDT membership_aggregator.go:25 - Membership aggregation completed
2025/05/05 16:23:51 [INFO] 2025-05-05 16:23:51 CDT membership_aggregator.go:25 - Membership aggregation completed
2025/05/05 16:24:51 [INFO] 2025-05-05 16:24:51 CDT membership_aggregator.go:25 - Membership aggregation completed
2025/05/05 16:25:51 [INFO] 2025-05-05 16:25:51 CDT membership_aggregator.go:25 - Membership aggregation completed
2025/05/05 16:26:51 [INFO] 2025-05-05 16:26:51 CDT membership_aggregator.go:25 - Membership aggregation completed
2025/05/05 16:27:51 [INFO] 2025-05-05 16:27:51 CDT membership_aggregator.go:25 - Membership aggregation completed
2025/05/05 16:28:51 [INFO] 2025-05-05 16:28:51 CDT membership_aggregator.go:25 - Membership aggregation completed
2025/05/05 16:29:51 [INFO] 2025-05-05 16:29:51 CDT membership_aggregator.go:25 - Membership aggregation completed
2025/05/05 16:30:51 [INFO] 2025-05-05 16:30:51 CDT security.go:99 - CSRF token cleanup ran (hourly log)
2025/05/05 16:30:51 [INFO] 2025-05-05 16:30:51 CDT membership_aggregator.go:25 - Membership aggregation completed
2025/05/05 16:31:51 [INFO] 2025-05-05 16:31:51 CDT membership_aggregator.go:25 - Membership aggregation completed
2025/05/05 16:32:51 [INFO] 2025-05-05 16:32:51 CDT membership_aggregator.go:25 - Membership aggregation completed
2025/05/05 16:33:51 [INFO] 2025-05-05 16:33:51 CDT membership_aggregator.go:25 - Membership aggregation completed
2025/05/05 16:34:51 [INFO] 2025-05-05 16:34:51 CDT membership_aggregator.go:25 - Membership aggregation completed
2025/05/05 16:35:51 [INFO] 2025-05-05 16:35:51 CDT membership_aggregator.go:25 - Membership aggregation completed
2025/05/05 16:36:51 [INFO] 2025-05-05 16:36:51 CDT membership_aggregator.go:25 - Membership aggregation completed
2025/05/05 16:37:51 [INFO] 2025-05-05 16:37:51 CDT membership_aggregator.go:25 - Membership aggregation completed
2025/05/05 16:38:51 [INFO] 2025-05-05 16:38:51 CDT membership_aggregator.go:25 - Membership aggregation completed
2025/05/05 16:39:51 [INFO] 2025-05-05 16:39:51 CDT membership_aggregator.go:25 - Membership aggregation completed
2025/05/05 16:40:51 [INFO] 2025-05-05 16:40:51 CDT membership_aggregator.go:25 - Membership aggregation completed
2025/05/05 16:41:51 [INFO] 2025-05-05 16:41:51 CDT membership_aggregator.go:25 - Membership aggregation completed
2025/05/05 16:42:51 [INFO] 2025-05-05 16:42:51 CDT membership_aggregator.go:25 - Membership aggregation completed
2025/05/05 16:43:51 [INFO] 2025-05-05 16:43:51 CDT membership_aggregator.go:25 - Membership aggregation completed
2025/05/05 16:44:51 [INFO] 2025-05-05 16:44:51 CDT membership_aggregator.go:25 - Membership aggregation completed
2025/05/05 16:45:51 [INFO] 2025-05-05 16:45:51 CDT membership_aggregator.go:25 - Membership aggregation completed
2025/05/05 16:46:51 [INFO] 2025-05-05 16:46:51 CDT membership_aggregator.go:25 - Membership aggregation completed
2025/05/05 16:47:51 [INFO] 2025-05-05 16:47:51 CDT membership_aggregator.go:25 - Membership aggregation completed
2025/05/05 16:48:51 [INFO] 2025-05-05 16:48:51 CDT membership_aggregator.go:25 - Membership aggregation completed
2025/05/05 16:49:51 [INFO] 2025-05-05 16:49:51 CDT membership_aggregator.go:25 - Membership aggregation completed
2025/05/05 16:50:51 [INFO] 2025-05-05 16:50:51 CDT membership_aggregator.go:25 - Membership aggregation completed
2025/05/05 16:51:51 [INFO] 2025-05-05 16:51:51 CDT membership_aggregator.go:25 - Membership aggregation completed
2025/05/05 16:52:51 [INFO] 2025-05-05 16:52:51 CDT membership_aggregator.go:25 - Membership aggregation completed
2025/05/05 16:53:51 [INFO] 2025-05-05 16:53:51 CDT membership_aggregator.go:25 - Membership aggregation completed
2025/05/05 16:54:51 [INFO] 2025-05-05 16:54:51 CDT membership_aggregator.go:25 - Membership aggregation completed
2025/05/05 16:55:51 [INFO] 2025-05-05 16:55:51 CDT membership_aggregator.go:25 - Membership aggregation completed
2025/05/05 16:56:51 [INFO] 2025-05-05 16:56:51 CDT membership_aggregator.go:25 - Membership aggregation completed
2025/05/05 16:57:51 [INFO] 2025-05-05 16:57:51 CDT membership_aggregator.go:25 - Membership aggregation completed
2025/05/05 16:58:51 [INFO] 2025-05-05 16:58:51 CDT membership_aggregator.go:25 - Membership aggregation completed
2025/05/05 16:59:51 [INFO] 2025-05-05 16:59:51 CDT membership_aggregator.go:25 - Membership aggregation completed
2025/05/05 17:00:51 [INFO] 2025-05-05 17:00:51 CDT security.go:99 - CSRF token cleanup ran (hourly log)
2025/05/05 17:00:51 [INFO] 2025-05-05 17:00:51 CDT membership_aggregator.go:25 - Membership aggregation completed
2025/05/05 17:01:51 [INFO] 2025-05-05 17:01:51 CDT membership_aggregator.go:25 - Membership aggregation completed
2025/05/05 17:02:51 [INFO] 2025-05-05 17:02:51 CDT membership_aggregator.go:25 - Membership aggregation completed
2025/05/05 17:03:51 [INFO] 2025-05-05 17:03:51 CDT membership_aggregator.go:25 - Membership aggregation completed
2025/05/05 17:04:51 [INFO] 2025-05-05 17:04:51 CDT membership_aggregator.go:25 - Membership aggregation completed
2025/05/05 17:05:51 [INFO] 2025-05-05 17:05:51 CDT membership_aggregator.go:25 - Membership aggregation completed
2025/05/05 17:06:51 [INFO] 2025-05-05 17:06:51 CDT membership_aggregator.go:25 - Membership aggregation completed
2025/05/05 17:07:51 [INFO] 2025-05-05 17:07:51 CDT membership_aggregator.go:25 - Membership aggregation completed
2025/05/05 17:08:51 [INFO] 2025-05-05 17:08:51 CDT membership_aggregator.go:25 - Membership aggregation completed
2025/05/05 17:09:51 [INFO] 2025-05-05 17:09:51 CDT membership_aggregator.go:25 - Membership aggregation completed
2025/05/05 17:10:51 [INFO] 2025-05-05 17:10:51 CDT membership_aggregator.go:25 - Membership aggregation completed
2025/05/05 17:11:51 [INFO] 2025-05-05 17:11:51 CDT membership_aggregator.go:25 - Membership aggregation completed
2025/05/05 17:12:51 [INFO] 2025-05-05 17:12:51 CDT membership_aggregator.go:25 - Membership aggregation completed
2025/05/05 17:13:51 [INFO] 2025-05-05 17:13:51 CDT membership_aggregator.go:25 - Membership aggregation completed
2025/05/05 17:14:51 [INFO] 2025-05-05 17:14:51 CDT membership_aggregator.go:25 - Membership aggregation completed
2025/05/05 17:15:51 [INFO] 2025-05-05 17:15:51 CDT membership_aggregator.go:25 - Membership aggregation completed
2025/05/05 17:16:51 [INFO] 2025-05-05 17:16:51 CDT membership_aggregator.go:25 - Membership aggregation completed
2025/05/05 17:17:51 [INFO] 2025-05-05 17:17:51 CDT membership_aggregator.go:25 - Membership aggregation completed
2025/05/05 17:18:51 [INFO] 2025-05-05 17:18:51 CDT membership_aggregator.go:25 - Membership aggregation completed
2025/05/05 17:19:51 [INFO] 2025-05-05 17:19:51 CDT membership_aggregator.go:25 - Membership aggregation completed
2025/05/05 17:20:51 [INFO] 2025-05-05 17:20:51 CDT membership_aggregator.go:25 - Membership aggregation completed
2025/05/05 17:21:51 [INFO] 2025-05-05 17:21:51 CDT membership_aggregator.go:25 - Membership aggregation completed
2025/05/05 17:22:51 [INFO] 2025-05-05 17:22:51 CDT membership_aggregator.go:25 - Membership aggregation completed
2025/05/05 17:23:51 [INFO] 2025-05-05 17:23:51 CDT membership_aggregator.go:25 - Membership aggregation completed
2025/05/05 17:24:51 [INFO] 2025-05-05 17:24:51 CDT membership_aggregator.go:25 - Membership aggregation completed
2025/05/05 17:25:51 [INFO] 2025-05-05 17:25:51 CDT membership_aggregator.go:25 - Membership aggregation completed
2025/05/05 17:26:51 [INFO] 2025-05-05 17:26:51 CDT membership_aggregator.go:25 - Membership aggregation completed
2025/05/05 17:27:51 [INFO] 2025-05-05 17:27:51 CDT membership_aggregator.go:25 - Membership aggregation completed
2025/05/05 17:28:51 [INFO] 2025-05-05 17:28:51 CDT membership_aggregator.go:25 - Membership aggregation completed
2025/05/05 17:29:51 [INFO] 2025-05-05 17:29:51 CDT membership_aggregator.go:25 - Membership aggregation completed
2025/05/05 17:30:51 [INFO] 2025-05-05 17:30:51 CDT security.go:99 - CSRF token cleanup ran (hourly log)
2025/05/05 17:30:51 [INFO] 2025-05-05 17:30:51 CDT membership_aggregator.go:25 - Membership aggregation completed
2025/05/05 17:31:51 [INFO] 2025-05-05 17:31:51 CDT membership_aggregator.go:25 - Membership aggregation completed
2025/05/05 17:32:51 [INFO] 2025-05-05 17:32:51 CDT membership_aggregator.go:25 - Membership aggregation completed
2025/05/05 17:33:51 [INFO] 2025-05-05 17:33:51 CDT membership_aggregator.go:25 - Membership aggregation completed
2025/05/05 17:34:51 [INFO] 2025-05-05 17:34:51 CDT membership_aggregator.go:25 - Membership aggregation completed
2025/05/05 17:35:51 [INFO] 2025-05-05 17:35:51 CDT membership_aggregator.go:25 - Membership aggregation completed
2025/05/05 17:36:51 [INFO] 2025-05-05 17:36:51 CDT membership_aggregator.go:25 - Membership aggregation completed
2025/05/05 17:37:51 [INFO] 2025-05-05 17:37:51 CDT membership_aggregator.go:25 - Membership aggregation completed
2025/05/05 17:38:51 [INFO] 2025-05-05 17:38:51 CDT membership_aggregator.go:25 - Membership aggregation completed
2025/05/05 17:39:51 [INFO] 2025-05-05 17:39:51 CDT membership_aggregator.go:25 - Membership aggregation completed
2025/05/05 17:40:51 [INFO] 2025-05-05 17:40:51 CDT membership_aggregator.go:25 - Membership aggregation completed
2025/05/05 17:41:51 [INFO] 2025-05-05 17:41:51 CDT membership_aggregator.go:25 - Membership aggregation completed
2025/05/05 17:42:51 [INFO] 2025-05-05 17:42:51 CDT membership_aggregator.go:25 - Membership aggregation completed
2025/05/05 17:43:51 [INFO] 2025-05-05 17:43:51 CDT membership_aggregator.go:25 - Membership aggregation completed
2025/05/05 17:44:51 [INFO] 2025-05-05 17:44:51 CDT membership_aggregator.go:25 - Membership aggregation completed
2025/05/05 17:45:51 [INFO] 2025-05-05 17:45:51 CDT membership_aggregator.go:25 - Membership aggregation completed
2025/05/05 17:46:51 [INFO] 2025-05-05 17:46:51 CDT membership_aggregator.go:25 - Membership aggregation completed
2025/05/05 17:47:51 [INFO] 2025-05-05 17:47:51 CDT membership_aggregator.go:25 - Membership aggregation completed
2025/05/05 17:48:51 [INFO] 2025-05-05 17:48:51 CDT membership_aggregator.go:25 - Membership aggregation completed
2025/05/05 17:49:51 [INFO] 2025-05-05 17:49:51 CDT membership_aggregator.go:25 - Membership aggregation completed
2025/05/05 17:50:51 [INFO] 2025-05-05 17:50:51 CDT membership_aggregator.go:25 - Membership aggregation completed
2025/05/05 17:51:51 [INFO] 2025-05-05 17:51:51 CDT membership_aggregator.go:25 - Membership aggregation completed
2025/05/05 17:52:51 [INFO] 2025-05-05 17:52:51 CDT membership_aggregator.go:25 - Membership aggregation completed
2025/05/05 17:53:51 [INFO] 2025-05-05 17:53:51 CDT membership_aggregator.go:25 - Membership aggregation completed
2025/05/05 17:54:51 [INFO] 2025-05-05 17:54:51 CDT membership_aggregator.go:25 - Membership aggregation completed
2025/05/05 17:55:51 [INFO] 2025-05-05 17:55:51 CDT membership_aggregator.go:25 - Membership aggregation completed
2025/05/05 17:56:51 [INFO] 2025-05-05 17:56:51 CDT membership_aggregator.go:25 - Membership aggregation completed
2025/05/05 17:57:51 [INFO] 2025-05-05 17:57:51 CDT membership_aggregator.go:25 - Membership aggregation completed
2025/05/05 17:58:51 [INFO] 2025-05-05 17:58:51 CDT membership_aggregator.go:25 - Membership aggregation completed
2025/05/05 17:59:51 [INFO] 2025-05-05 17:59:51 CDT membership_aggregator.go:25 - Membership aggregation completed
2025/05/05 18:00:51 [INFO] 2025-05-05 18:00:51 CDT security.go:99 - CSRF token cleanup ran (hourly log)
2025/05/05 18:00:51 [INFO] 2025-05-05 18:00:51 CDT membership_aggregator.go:25 - Membership aggregation completed
2025/05/05 18:01:51 [INFO] 2025-05-05 18:01:51 CDT membership_aggregator.go:25 - Membership aggregation completed
2025/05/05 18:02:51 [INFO] 2025-05-05 18:02:51 CDT membership_aggregator.go:25 - Membership aggregation completed
2025/05/05 18:03:51 [INFO] 2025-05-05 18:03:51 CDT membership_aggregator.go:25 - Membership aggregation completed
2025/05/05 18:04:51 [INFO] 2025-05-05 18:04:51 CDT membership_aggregator.go:25 - Membership aggregation completed
2025/05/05 18:05:51 [INFO] 2025-05-05 18:05:51 CDT membership_aggregator.go:25 - Membership aggregation completed
2025/05/05 18:06:51 [INFO] 2025-05-05 18:06:51 CDT membership_aggregator.go:25 - Membership aggregation completed
2025/05/05 18:07:51 [INFO] 2025-05-05 18:07:51 CDT membership_aggregator.go:25 - Membership aggregation completed
2025/05/05 18:08:51 [INFO] 2025-05-05 18:08:51 CDT membership_aggregator.go:25 - Membership aggregation completed
2025/05/05 18:09:51 [INFO] 2025-05-05 18:09:51 CDT membership_aggregator.go:25 - Membership aggregation completed
2025/05/05 18:10:51 [INFO] 2025-05-05 18:10:51 CDT membership_aggregator.go:25 - Membership aggregation completed
2025/05/05 18:11:51 [INFO] 2025-05-05 18:11:51 CDT membership_aggregator.go:25 - Membership aggregation completed
2025/05/05 18:12:51 [INFO] 2025-05-05 18:12:51 CDT membership_aggregator.go:25 - Membership aggregation completed
2025/05/05 18:13:51 [INFO] 2025-05-05 18:13:51 CDT membership_aggregator.go:25 - Membership aggregation completed
2025/05/05 18:14:51 [INFO] 2025-05-05 18:14:51 CDT membership_aggregator.go:25 - Membership aggregation completed
2025/05/05 18:15:51 [INFO] 2025-05-05 18:15:51 CDT membership_aggregator.go:25 - Membership aggregation completed
2025/05/05 18:16:51 [INFO] 2025-05-05 18:16:51 CDT membership_aggregator.go:25 - Membership aggregation completed
2025/05/05 18:17:51 [INFO] 2025-05-05 18:17:51 CDT membership_aggregator.go:25 - Membership aggregation completed
2025/05/05 18:18:51 [INFO] 2025-05-05 18:18:51 CDT membership_aggregator.go:25 - Membership aggregation completed
2025/05/05 18:19:51 [INFO] 2025-05-05 18:19:51 CDT membership_aggregator.go:25 - Membership aggregation completed
2025/05/05 18:20:51 [INFO] 2025-05-05 18:20:51 CDT membership_aggregator.go:25 - Membership aggregation completed
2025/05/05 18:21:51 [INFO] 2025-05-05 18:21:51 CDT membership_aggregator.go:25 - Membership aggregation completed
2025/05/05 18:22:51 [INFO] 2025-05-05 18:22:51 CDT membership_aggregator.go:25 - Membership aggregation completed
2025/05/05 18:23:51 [INFO] 2025-05-05 18:23:51 CDT membership_aggregator.go:25 - Membership aggregation completed
2025/05/05 18:24:51 [INFO] 2025-05-05 18:24:51 CDT membership_aggregator.go:25 - Membership aggregation completed
2025/05/05 18:25:51 [INFO] 2025-05-05 18:25:51 CDT membership_aggregator.go:25 - Membership aggregation completed
2025/05/05 18:26:51 [INFO] 2025-05-05 18:26:51 CDT membership_aggregator.go:25 - Membership aggregation completed
2025/05/05 18:27:51 [INFO] 2025-05-05 18:27:51 CDT membership_aggregator.go:25 - Membership aggregation completed
2025/05/05 18:28:51 [INFO] 2025-05-05 18:28:51 CDT membership_aggregator.go:25 - Membership aggregation completed
2025/05/05 18:29:51 [INFO] 2025-05-05 18:29:51 CDT membership_aggregator.go:25 - Membership aggregation completed
2025/05/05 18:30:51 [INFO] 2025-05-05 18:30:51 CDT security.go:99 - CSRF token cleanup ran (hourly log)
2025/05/05 18:30:51 [INFO] 2025-05-05 18:30:51 CDT membership_aggregator.go:25 - Membership aggregation completed
2025/05/05 18:31:51 [INFO] 2025-05-05 18:31:51 CDT membership_aggregator.go:25 - Membership aggregation completed
2025/05/05 18:32:51 [INFO] 2025-05-05 18:32:51 CDT membership_aggregator.go:25 - Membership aggregation completed
2025/05/05 18:33:51 [INFO] 2025-05-05 18:33:51 CDT membership_aggregator.go:25 - Membership aggregation completed
2025/05/05 18:34:51 [INFO] 2025-05-05 18:34:51 CDT membership_aggregator.go:25 - Membership aggregation completed
2025/05/05 18:35:51 [INFO] 2025-05-05 18:35:51 CDT membership_aggregator.go:25 - Membership aggregation completed
2025/05/05 18:36:51 [INFO] 2025-05-05 18:36:51 CDT membership_aggregator.go:25 - Membership aggregation completed
2025/05/05 18:37:51 [INFO] 2025-05-05 18:37:51 CDT membership_aggregator.go:25 - Membership aggregation completed
2025/05/05 18:38:51 [INFO] 2025-05-05 18:38:51 CDT membership_aggregator.go:25 - Membership aggregation completed
2025/05/05 18:39:51 [INFO] 2025-05-05 18:39:51 CDT membership_aggregator.go:25 - Membership aggregation completed
2025/05/05 18:40:51 [INFO] 2025-05-05 18:40:51 CDT membership_aggregator.go:25 - Membership aggregation completed
2025/05/05 18:41:51 [INFO] 2025-05-05 18:41:51 CDT membership_aggregator.go:25 - Membership aggregation completed
2025/05/05 18:42:51 [INFO] 2025-05-05 18:42:51 CDT membership_aggregator.go:25 - Membership aggregation completed
2025/05/05 18:43:51 [INFO] 2025-05-05 18:43:51 CDT membership_aggregator.go:25 - Membership aggregation completed
2025/05/05 18:44:51 [INFO] 2025-05-05 18:44:51 CDT membership_aggregator.go:25 - Membership aggregation completed
2025/05/05 18:45:51 [INFO] 2025-05-05 18:45:51 CDT membership_aggregator.go:25 - Membership aggregation completed
2025/05/05 18:46:51 [INFO] 2025-05-05 18:46:51 CDT membership_aggregator.go:25 - Membership aggregation completed
2025/05/05 18:47:51 [INFO] 2025-05-05 18:47:51 CDT membership_aggregator.go:25 - Membership aggregation completed
2025/05/05 18:48:51 [INFO] 2025-05-05 18:48:51 CDT membership_aggregator.go:25 - Membership aggregation completed
2025/05/05 18:49:51 [INFO] 2025-05-05 18:49:51 CDT membership_aggregator.go:25 - Membership aggregation completed
2025/05/05 18:50:51 [INFO] 2025-05-05 18:50:51 CDT membership_aggregator.go:25 - Membership aggregation completed
2025/05/05 18:51:51 [INFO] 2025-05-05 18:51:51 CDT membership_aggregator.go:25 - Membership aggregation completed
2025/05/05 18:52:51 [INFO] 2025-05-05 18:52:51 CDT membership_aggregator.go:25 - Membership aggregation completed
2025/05/05 18:53:51 [INFO] 2025-05-05 18:53:51 CDT membership_aggregator.go:25 - Membership aggregation completed
2025/05/05 19:00:40 [INFO] 2025-05-05 19:00:40 CDT membership_aggregator.go:25 - Membership aggregation completed
2025/05/05 19:18:07 [INFO] 2025-05-05 19:18:07 CDT membership_aggregator.go:25 - Membership aggregation completed
2025/05/05 19:19:07 [INFO] 2025-05-05 19:19:07 CDT membership_aggregator.go:25 - Membership aggregation completed
2025/05/05 19:20:07 [INFO] 2025-05-05 19:20:07 CDT membership_aggregator.go:25 - Membership aggregation completed
2025/05/05 19:21:07 [INFO] 2025-05-05 19:21:07 CDT membership_aggregator.go:25 - Membership aggregation completed
2025/05/05 19:22:07 [INFO] 2025-05-05 19:22:07 CDT membership_aggregator.go:25 - Membership aggregation completed
2025/05/05 19:38:41 [INFO] 2025-05-05 19:38:41 CDT security.go:99 - CSRF token cleanup ran (hourly log)
2025/05/05 19:38:41 [INFO] 2025-05-05 19:38:41 CDT membership_aggregator.go:25 - Membership aggregation completed
2025/05/05 19:39:41 [INFO] 2025-05-05 19:39:41 CDT membership_aggregator.go:25 - Membership aggregation completed
2025/05/05 19:40:41 [INFO] 2025-05-05 19:40:41 CDT membership_aggregator.go:25 - Membership aggregation completed
2025/05/05 19:41:41 [INFO] 2025-05-05 19:41:41 CDT membership_aggregator.go:25 - Membership aggregation completed
2025/05/05 19:42:41 [INFO] 2025-05-05 19:42:41 CDT membership_aggregator.go:25 - Membership aggregation completed
2025/05/05 19:43:41 [INFO] 2025-05-05 19:43:41 CDT membership_aggregator.go:25 - Membership aggregation completed
2025/05/05 20:01:44 [INFO] 2025-05-05 20:01:44 CDT membership_aggregator.go:25 - Membership aggregation completed
2025/05/05 20:02:44 [INFO] 2025-05-05 20:02:44 CDT membership_aggregator.go:25 - Membership aggregation completed
2025/05/05 20:03:44 [INFO] 2025-05-05 20:03:44 CDT membership_aggregator.go:25 - Membership aggregation completed
2025/05/05 20:04:44 [INFO] 2025-05-05 20:04:44 CDT membership_aggregator.go:25 - Membership aggregation completed
2025/05/05 20:05:44 [INFO] 2025-05-05 20:05:44 CDT membership_aggregator.go:25 - Membership aggregation completed
2025/05/05 20:22:44 [INFO] 2025-05-05 20:22:44 CDT membership_aggregator.go:25 - Membership aggregation completed
2025/05/05 20:23:44 [INFO] 2025-05-05 20:23:44 CDT membership_aggregator.go:25 - Membership aggregation completed
2025/05/05 20:24:44 [INFO] 2025-05-05 20:24:44 CDT membership_aggregator.go:25 - Membership aggregation completed
2025/05/05 20:25:44 [INFO] 2025-05-05 20:25:44 CDT membership_aggregator.go:25 - Membership aggregation completed
2025/05/05 20:26:44 [INFO] 2025-05-05 20:26:44 CDT membership_aggregator.go:25 - Membership aggregation completed
2025/05/05 20:45:25 [INFO] 2025-05-05 20:45:25 CDT membership_aggregator.go:25 - Membership aggregation completed
2025/05/05 20:46:21 [INFO] 2025-05-05 20:46:21 CDT membership_aggregator.go:25 - Membership aggregation completed
2025/05/05 20:47:21 [INFO] 2025-05-05 20:47:21 CDT membership_aggregator.go:25 - Membership aggregation completed
2025/05/05 20:48:21 [INFO] 2025-05-05 20:48:21 CDT membership_aggregator.go:25 - Membership aggregation completed
2025/05/05 20:49:21 [INFO] 2025-05-05 20:49:21 CDT membership_aggregator.go:25 - Membership aggregation completed
2025/05/05 20:50:21 [INFO] 2025-05-05 20:50:21 CDT membership_aggregator.go:25 - Membership aggregation completed
2025/05/05 21:07:29 [INFO] 2025-05-05 21:07:29 CDT membership_aggregator.go:25 - Membership aggregation completed
2025/05/05 21:08:29 [INFO] 2025-05-05 21:08:29 CDT membership_aggregator.go:25 - Membership aggregation completed
2025/05/05 21:09:29 [INFO] 2025-05-05 21:09:29 CDT membership_aggregator.go:25 - Membership aggregation completed
2025/05/05 21:10:29 [INFO] 2025-05-05 21:10:29 CDT membership_aggregator.go:25 - Membership aggregation completed
2025/05/05 21:11:29 [INFO] 2025-05-05 21:11:29 CDT membership_aggregator.go:25 - Membership aggregation completed
2025/05/05 21:24:05 [INFO] 2025-05-05 21:24:05 CDT membership_aggregator.go:25 - Membership aggregation completed
2025/05/05 21:25:05 [INFO] 2025-05-05 21:25:05 CDT membership_aggregator.go:25 - Membership aggregation completed
2025/05/05 21:26:05 [INFO] 2025-05-05 21:26:05 CDT membership_aggregator.go:25 - Membership aggregation completed
2025/05/05 21:27:05 [INFO] 2025-05-05 21:27:05 CDT security.go:99 - CSRF token cleanup ran (hourly log)
2025/05/05 21:27:05 [INFO] 2025-05-05 21:27:05 CDT membership_aggregator.go:25 - Membership aggregation completed
2025/05/05 21:28:05 [INFO] 2025-05-05 21:28:05 CDT membership_aggregator.go:25 - Membership aggregation completed
2025/05/05 21:46:43 [INFO] 2025-05-05 21:46:43 CDT membership_aggregator.go:25 - Membership aggregation completed
2025/05/05 21:47:43 [INFO] 2025-05-05 21:47:43 CDT membership_aggregator.go:25 - Membership aggregation completed
2025/05/05 21:48:43 [INFO] 2025-05-05 21:48:43 CDT membership_aggregator.go:25 - Membership aggregation completed
2025/05/05 21:49:43 [INFO] 2025-05-05 21:49:43 CDT membership_aggregator.go:25 - Membership aggregation completed
2025/05/05 21:50:43 [INFO] 2025-05-05 21:50:43 CDT membership_aggregator.go:25 - Membership aggregation completed
2025/05/05 22:00:10 [INFO] 2025-05-05 22:00:10 CDT membership_aggregator.go:25 - Membership aggregation completed
2025/05/05 22:01:10 [INFO] 2025-05-05 22:01:10 CDT membership_aggregator.go:25 - Membership aggregation completed
2025/05/05 22:02:10 [INFO] 2025-05-05 22:02:10 CDT membership_aggregator.go:25 - Membership aggregation completed
2025/05/05 22:03:10 [INFO] 2025-05-05 22:03:10 CDT membership_aggregator.go:25 - Membership aggregation completed
2025/05/05 22:04:10 [INFO] 2025-05-05 22:04:10 CDT membership_aggregator.go:25 - Membership aggregation completed
2025/05/05 22:21:02 [INFO] 2025-05-05 22:21:02 CDT membership_aggregator.go:25 - Membership aggregation completed
2025/05/05 22:22:02 [INFO] 2025-05-05 22:22:02 CDT membership_aggregator.go:25 - Membership aggregation completed
2025/05/05 22:23:02 [INFO] 2025-05-05 22:23:02 CDT membership_aggregator.go:25 - Membership aggregation completed
2025/05/05 22:24:02 [INFO] 2025-05-05 22:24:02 CDT membership_aggregator.go:25 - Membership aggregation completed
2025/05/05 22:25:02 [INFO] 2025-05-05 22:25:02 CDT membership_aggregator.go:25 - Membership aggregation completed
2025/05/05 22:26:02 [INFO] 2025-05-05 22:26:02 CDT membership_aggregator.go:25 - Membership aggregation completed
2025/05/05 22:44:34 [INFO] 2025-05-05 22:44:34 CDT membership_aggregator.go:25 - Membership aggregation completed
2025/05/05 22:45:34 [INFO] 2025-05-05 22:45:34 CDT membership_aggregator.go:25 - Membership aggregation completed
2025/05/05 22:46:34 [INFO] 2025-05-05 22:46:34 CDT membership_aggregator.go:25 - Membership aggregation completed
2025/05/05 22:47:34 [INFO] 2025-05-05 22:47:34 CDT membership_aggregator.go:25 - Membership aggregation completed
2025/05/05 22:48:34 [INFO] 2025-05-05 22:48:34 CDT membership_aggregator.go:25 - Membership aggregation completed
2025/05/05 23:00:40 [INFO] 2025-05-05 23:00:40 CDT membership_aggregator.go:25 - Membership aggregation completed
2025/05/05 23:01:40 [INFO] 2025-05-05 23:01:40 CDT membership_aggregator.go:25 - Membership aggregation completed
2025/05/05 23:02:40 [INFO] 2025-05-05 23:02:40 CDT membership_aggregator.go:25 - Membership aggregation completed
2025/05/05 23:03:40 [INFO] 2025-05-05 23:03:40 CDT membership_aggregator.go:25 - Membership aggregation completed
2025/05/05 23:04:40 [INFO] 2025-05-05 23:04:40 CDT membership_aggregator.go:25 - Membership aggregation completed
2025/05/05 23:21:39 [INFO] 2025-05-05 23:21:39 CDT membership_aggregator.go:25 - Membership aggregation completed
2025/05/05 23:22:39 [INFO] 2025-05-05 23:22:39 CDT membership_aggregator.go:25 - Membership aggregation completed
2025/05/05 23:23:39 [INFO] 2025-05-05 23:23:39 CDT security.go:99 - CSRF token cleanup ran (hourly log)
2025/05/05 23:23:39 [INFO] 2025-05-05 23:23:39 CDT membership_aggregator.go:25 - Membership aggregation completed
2025/05/05 23:24:39 [INFO] 2025-05-05 23:24:39 CDT membership_aggregator.go:25 - Membership aggregation completed
2025/05/05 23:40:35 [INFO] 2025-05-05 23:40:35 CDT membership_aggregator.go:25 - Membership aggregation completed
2025/05/05 23:41:35 [INFO] 2025-05-05 23:41:35 CDT membership_aggregator.go:25 - Membership aggregation completed
2025/05/05 23:42:35 [INFO] 2025-05-05 23:42:35 CDT membership_aggregator.go:25 - Membership aggregation completed
2025/05/05 23:43:35 [INFO] 2025-05-05 23:43:35 CDT membership_aggregator.go:25 - Membership aggregation completed
2025/05/05 23:44:35 [INFO] 2025-05-05 23:44:35 CDT membership_aggregator.go:25 - Membership aggregation completed
2025/05/06 00:00:43 [INFO] 2025-05-06 00:00:43 CDT membership_aggregator.go:25 - Membership aggregation completed
2025/05/06 00:01:43 [INFO] 2025-05-06 00:01:43 CDT membership_aggregator.go:25 - Membership aggregation completed
2025/05/06 00:02:43 [INFO] 2025-05-06 00:02:43 CDT membership_aggregator.go:25 - Membership aggregation completed
2025/05/06 00:03:43 [INFO] 2025-05-06 00:03:43 CDT membership_aggregator.go:25 - Membership aggregation completed
2025/05/06 00:04:43 [INFO] 2025-05-06 00:04:43 CDT membership_aggregator.go:25 - Membership aggregation completed
2025/05/06 00:23:19 [INFO] 2025-05-06 00:23:19 CDT membership_aggregator.go:25 - Membership aggregation completed
2025/05/06 00:24:19 [INFO] 2025-05-06 00:24:19 CDT membership_aggregator.go:25 - Membership aggregation completed
2025/05/06 00:25:19 [INFO] 2025-05-06 00:25:19 CDT membership_aggregator.go:25 - Membership aggregation completed
2025/05/06 00:26:19 [INFO] 2025-05-06 00:26:19 CDT membership_aggregator.go:25 - Membership aggregation completed
2025/05/06 00:27:19 [INFO] 2025-05-06 00:27:19 CDT membership_aggregator.go:25 - Membership aggregation completed
2025/05/06 00:28:19 [INFO] 2025-05-06 00:28:19 CDT membership_aggregator.go:25 - Membership aggregation completed
2025/05/06 00:34:49 [INFO] 2025-05-06 00:34:49 CDT membership_aggregator.go:25 - Membership aggregation completed
2025/05/06 00:35:49 [INFO] 2025-05-06 00:35:49 CDT membership_aggregator.go:25 - Membership aggregation completed
2025/05/06 00:36:49 [INFO] 2025-05-06 00:36:49 CDT membership_aggregator.go:25 - Membership aggregation completed
2025/05/06 00:37:49 [INFO] 2025-05-06 00:37:49 CDT membership_aggregator.go:25 - Membership aggregation completed
2025/05/06 00:38:49 [INFO] 2025-05-06 00:38:49 CDT membership_aggregator.go:25 - Membership aggregation completed
2025/05/06 00:39:49 [INFO] 2025-05-06 00:39:49 CDT membership_aggregator.go:25 - Membership aggregation completed
2025/05/06 00:57:47 [INFO] 2025-05-06 00:57:47 CDT membership_aggregator.go:25 - Membership aggregation completed
2025/05/06 00:58:47 [INFO] 2025-05-06 00:58:47 CDT membership_aggregator.go:25 - Membership aggregation completed
2025/05/06 00:59:47 [INFO] 2025-05-06 00:59:47 CDT membership_aggregator.go:25 - Membership aggregation completed
2025/05/06 01:00:47 [INFO] 2025-05-06 01:00:47 CDT membership_aggregator.go:25 - Membership aggregation completed
2025/05/06 01:01:47 [INFO] 2025-05-06 01:01:47 CDT membership_aggregator.go:25 - Membership aggregation completed
2025/05/06 01:18:57 [INFO] 2025-05-06 01:18:57 CDT membership_aggregator.go:25 - Membership aggregation completed
2025/05/06 01:19:57 [INFO] 2025-05-06 01:19:57 CDT security.go:99 - CSRF token cleanup ran (hourly log)
2025/05/06 01:19:57 [INFO] 2025-05-06 01:19:57 CDT membership_aggregator.go:25 - Membership aggregation completed
2025/05/06 01:20:57 [INFO] 2025-05-06 01:20:57 CDT membership_aggregator.go:25 - Membership aggregation completed
2025/05/06 01:21:57 [INFO] 2025-05-06 01:21:57 CDT membership_aggregator.go:25 - Membership aggregation completed
2025/05/06 01:22:57 [INFO] 2025-05-06 01:22:57 CDT membership_aggregator.go:25 - Membership aggregation completed
2025/05/06 01:39:26 [INFO] 2025-05-06 01:39:26 CDT membership_aggregator.go:25 - Membership aggregation completed
2025/05/06 01:40:26 [INFO] 2025-05-06 01:40:26 CDT membership_aggregator.go:25 - Membership aggregation completed
2025/05/06 01:41:26 [INFO] 2025-05-06 01:41:26 CDT membership_aggregator.go:25 - Membership aggregation completed
2025/05/06 01:42:26 [INFO] 2025-05-06 01:42:26 CDT membership_aggregator.go:25 - Membership aggregation completed
2025/05/06 01:43:26 [INFO] 2025-05-06 01:43:26 CDT membership_aggregator.go:25 - Membership aggregation completed
2025/05/06 02:01:02 [INFO] 2025-05-06 02:01:02 CDT membership_aggregator.go:25 - Membership aggregation completed
2025/05/06 02:02:02 [INFO] 2025-05-06 02:02:02 CDT membership_aggregator.go:25 - Membership aggregation completed
2025/05/06 02:03:02 [INFO] 2025-05-06 02:03:02 CDT membership_aggregator.go:25 - Membership aggregation completed
2025/05/06 02:04:02 [INFO] 2025-05-06 02:04:02 CDT membership_aggregator.go:25 - Membership aggregation completed
2025/05/06 02:05:02 [INFO] 2025-05-06 02:05:02 CDT membership_aggregator.go:25 - Membership aggregation completed
2025/05/06 02:19:15 [INFO] 2025-05-06 02:19:15 CDT membership_aggregator.go:25 - Membership aggregation completed
2025/05/06 02:20:15 [INFO] 2025-05-06 02:20:15 CDT membership_aggregator.go:25 - Membership aggregation completed
2025/05/06 02:21:15 [INFO] 2025-05-06 02:21:15 CDT membership_aggregator.go:25 - Membership aggregation completed
2025/05/06 02:22:15 [INFO] 2025-05-06 02:22:15 CDT membership_aggregator.go:25 - Membership aggregation completed
2025/05/06 02:23:15 [INFO] 2025-05-06 02:23:15 CDT membership_aggregator.go:25 - Membership aggregation completed
2025/05/06 02:39:52 [INFO] 2025-05-06 02:39:52 CDT membership_aggregator.go:25 - Membership aggregation completed
2025/05/06 02:40:52 [INFO] 2025-05-06 02:40:52 CDT membership_aggregator.go:25 - Membership aggregation completed
2025/05/06 02:41:52 [INFO] 2025-05-06 02:41:52 CDT membership_aggregator.go:25 - Membership aggregation completed
2025/05/06 02:42:52 [INFO] 2025-05-06 02:42:52 CDT membership_aggregator.go:25 - Membership aggregation completed
2025/05/06 02:43:52 [INFO] 2025-05-06 02:43:52 CDT membership_aggregator.go:25 - Membership aggregation completed
2025/05/06 03:02:22 [INFO] 2025-05-06 03:02:22 CDT membership_aggregator.go:25 - Membership aggregation completed
2025/05/06 03:03:22 [INFO] 2025-05-06 03:03:22 CDT membership_aggregator.go:25 - Membership aggregation completed
2025/05/06 03:04:22 [INFO] 2025-05-06 03:04:22 CDT membership_aggregator.go:25 - Membership aggregation completed
2025/05/06 03:05:22 [INFO] 2025-05-06 03:05:22 CDT membership_aggregator.go:25 - Membership aggregation completed
2025/05/06 03:06:22 [INFO] 2025-05-06 03:06:22 CDT membership_aggregator.go:25 - Membership aggregation completed
2025/05/06 03:07:22 [INFO] 2025-05-06 03:07:22 CDT membership_aggregator.go:25 - Membership aggregation completed
2025/05/06 03:20:31 [INFO] 2025-05-06 03:20:31 CDT security.go:99 - CSRF token cleanup ran (hourly log)
2025/05/06 03:20:31 [INFO] 2025-05-06 03:20:31 CDT membership_aggregator.go:25 - Membership aggregation completed
2025/05/06 03:21:31 [INFO] 2025-05-06 03:21:31 CDT membership_aggregator.go:25 - Membership aggregation completed
2025/05/06 03:22:31 [INFO] 2025-05-06 03:22:31 CDT membership_aggregator.go:25 - Membership aggregation completed
2025/05/06 03:23:31 [INFO] 2025-05-06 03:23:31 CDT membership_aggregator.go:25 - Membership aggregation completed
2025/05/06 03:24:31 [INFO] 2025-05-06 03:24:31 CDT membership_aggregator.go:25 - Membership aggregation completed
2025/05/06 03:41:20 [INFO] 2025-05-06 03:41:20 CDT membership_aggregator.go:25 - Membership aggregation completed
2025/05/06 03:42:20 [INFO] 2025-05-06 03:42:20 CDT membership_aggregator.go:25 - Membership aggregation completed
2025/05/06 03:43:20 [INFO] 2025-05-06 03:43:20 CDT membership_aggregator.go:25 - Membership aggregation completed
2025/05/06 03:44:20 [INFO] 2025-05-06 03:44:20 CDT membership_aggregator.go:25 - Membership aggregation completed
2025/05/06 03:45:20 [INFO] 2025-05-06 03:45:20 CDT membership_aggregator.go:25 - Membership aggregation completed
2025/05/06 04:03:48 [INFO] 2025-05-06 04:03:48 CDT membership_aggregator.go:25 - Membership aggregation completed
2025/05/06 04:19:58 [INFO] 2025-05-06 04:19:58 CDT membership_aggregator.go:25 - Membership aggregation completed
2025/05/06 04:20:58 [INFO] 2025-05-06 04:20:58 CDT membership_aggregator.go:25 - Membership aggregation completed
2025/05/06 04:21:58 [INFO] 2025-05-06 04:21:58 CDT membership_aggregator.go:25 - Membership aggregation completed
2025/05/06 04:22:58 [INFO] 2025-05-06 04:22:58 CDT membership_aggregator.go:25 - Membership aggregation completed
2025/05/06 04:23:58 [INFO] 2025-05-06 04:23:58 CDT membership_aggregator.go:25 - Membership aggregation completed
2025/05/06 04:41:16 [INFO] 2025-05-06 04:41:16 CDT membership_aggregator.go:25 - Membership aggregation completed
2025/05/06 04:42:16 [INFO] 2025-05-06 04:42:16 CDT membership_aggregator.go:25 - Membership aggregation completed
2025/05/06 04:43:16 [INFO] 2025-05-06 04:43:16 CDT membership_aggregator.go:25 - Membership aggregation completed
2025/05/06 04:44:16 [INFO] 2025-05-06 04:44:16 CDT membership_aggregator.go:25 - Membership aggregation completed
2025/05/06 04:45:16 [INFO] 2025-05-06 04:45:16 CDT membership_aggregator.go:25 - Membership aggregation completed
2025/05/06 05:03:38 [INFO] 2025-05-06 05:03:38 CDT membership_aggregator.go:25 - Membership aggregation completed
2025/05/06 05:04:38 [INFO] 2025-05-06 05:04:38 CDT membership_aggregator.go:25 - Membership aggregation completed
2025/05/06 05:05:38 [INFO] 2025-05-06 05:05:38 CDT membership_aggregator.go:25 - Membership aggregation completed
2025/05/06 05:06:38 [INFO] 2025-05-06 05:06:38 CDT membership_aggregator.go:25 - Membership aggregation completed
2025/05/06 05:07:38 [INFO] 2025-05-06 05:07:38 CDT membership_aggregator.go:25 - Membership aggregation completed
2025/05/06 05:21:38 [INFO] 2025-05-06 05:21:38 CDT membership_aggregator.go:25 - Membership aggregation completed
2025/05/06 05:22:38 [INFO] 2025-05-06 05:22:38 CDT membership_aggregator.go:25 - Membership aggregation completed
2025/05/06 05:23:38 [INFO] 2025-05-06 05:23:38 CDT membership_aggregator.go:25 - Membership aggregation completed
2025/05/06 05:24:38 [INFO] 2025-05-06 05:24:38 CDT membership_aggregator.go:25 - Membership aggregation completed
2025/05/06 05:25:38 [INFO] 2025-05-06 05:25:38 CDT security.go:99 - CSRF token cleanup ran (hourly log)
2025/05/06 05:25:38 [INFO] 2025-05-06 05:25:38 CDT membership_aggregator.go:25 - Membership aggregation completed
2025/05/06 05:42:13 [INFO] 2025-05-06 05:42:13 CDT membership_aggregator.go:25 - Membership aggregation completed
2025/05/06 05:43:13 [INFO] 2025-05-06 05:43:13 CDT membership_aggregator.go:25 - Membership aggregation completed
2025/05/06 05:44:13 [INFO] 2025-05-06 05:44:13 CDT membership_aggregator.go:25 - Membership aggregation completed
2025/05/06 05:45:13 [INFO] 2025-05-06 05:45:13 CDT membership_aggregator.go:25 - Membership aggregation completed
2025/05/06 05:46:13 [INFO] 2025-05-06 05:46:13 CDT membership_aggregator.go:25 - Membership aggregation completed
2025/05/06 06:04:09 [INFO] 2025-05-06 06:04:09 CDT membership_aggregator.go:25 - Membership aggregation completed
2025/05/06 06:05:09 [INFO] 2025-05-06 06:05:09 CDT membership_aggregator.go:25 - Membership aggregation completed
2025/05/06 06:06:09 [INFO] 2025-05-06 06:06:09 CDT membership_aggregator.go:25 - Membership aggregation completed
2025/05/06 06:07:09 [INFO] 2025-05-06 06:07:09 CDT membership_aggregator.go:25 - Membership aggregation completed
2025/05/06 06:08:09 [INFO] 2025-05-06 06:08:09 CDT membership_aggregator.go:25 - Membership aggregation completed
2025/05/06 06:12:17 [INFO] 2025-05-06 06:12:17 CDT membership_aggregator.go:25 - Membership aggregation completed
2025/05/06 06:13:17 [INFO] 2025-05-06 06:13:17 CDT membership_aggregator.go:25 - Membership aggregation completed
2025/05/06 06:14:17 [INFO] 2025-05-06 06:14:17 CDT membership_aggregator.go:25 - Membership aggregation completed
2025/05/06 06:15:17 [INFO] 2025-05-06 06:15:17 CDT membership_aggregator.go:25 - Membership aggregation completed
2025/05/06 06:16:17 [INFO] 2025-05-06 06:16:17 CDT membership_aggregator.go:25 - Membership aggregation completed
2025/05/06 06:17:17 [INFO] 2025-05-06 06:17:17 CDT membership_aggregator.go:25 - Membership aggregation completed
2025/05/06 06:18:17 [INFO] 2025-05-06 06:18:17 CDT membership_aggregator.go:25 - Membership aggregation completed
2025/05/06 06:19:17 [INFO] 2025-05-06 06:19:17 CDT membership_aggregator.go:25 - Membership aggregation completed
2025/05/06 06:20:17 [INFO] 2025-05-06 06:20:17 CDT membership_aggregator.go:25 - Membership aggregation completed
2025/05/06 06:21:17 [INFO] 2025-05-06 06:21:17 CDT membership_aggregator.go:25 - Membership aggregation completed
2025/05/06 06:22:17 [INFO] 2025-05-06 06:22:17 CDT membership_aggregator.go:25 - Membership aggregation completed
2025/05/06 06:23:17 [INFO] 2025-05-06 06:23:17 CDT membership_aggregator.go:25 - Membership aggregation completed
2025/05/06 06:24:17 [INFO] 2025-05-06 06:24:17 CDT membership_aggregator.go:25 - Membership aggregation completed
2025/05/06 06:25:17 [INFO] 2025-05-06 06:25:17 CDT membership_aggregator.go:25 - Membership aggregation completed
2025/05/06 06:26:17 [INFO] 2025-05-06 06:26:17 CDT membership_aggregator.go:25 - Membership aggregation completed
2025/05/06 06:27:17 [INFO] 2025-05-06 06:27:17 CDT membership_aggregator.go:25 - Membership aggregation completed
2025/05/06 06:28:17 [INFO] 2025-05-06 06:28:17 CDT membership_aggregator.go:25 - Membership aggregation completed
2025/05/06 06:29:17 [INFO] 2025-05-06 06:29:17 CDT membership_aggregator.go:25 - Membership aggregation completed
2025/05/06 06:30:17 [INFO] 2025-05-06 06:30:17 CDT membership_aggregator.go:25 - Membership aggregation completed
2025/05/06 06:31:17 [INFO] 2025-05-06 06:31:17 CDT security.go:99 - CSRF token cleanup ran (hourly log)
2025/05/06 06:31:17 [INFO] 2025-05-06 06:31:17 CDT membership_aggregator.go:25 - Membership aggregation completed
2025/05/06 06:32:17 [INFO] 2025-05-06 06:32:17 CDT membership_aggregator.go:25 - Membership aggregation completed
2025/05/06 06:33:17 [INFO] 2025-05-06 06:33:17 CDT membership_aggregator.go:25 - Membership aggregation completed
2025/05/06 06:34:17 [INFO] 2025-05-06 06:34:17 CDT membership_aggregator.go:25 - Membership aggregation completed
2025/05/06 06:35:17 [INFO] 2025-05-06 06:35:17 CDT membership_aggregator.go:25 - Membership aggregation completed
2025/05/06 06:36:17 [INFO] 2025-05-06 06:36:17 CDT membership_aggregator.go:25 - Membership aggregation completed
2025/05/06 06:37:17 [INFO] 2025-05-06 06:37:17 CDT membership_aggregator.go:25 - Membership aggregation completed
2025/05/06 06:38:17 [INFO] 2025-05-06 06:38:17 CDT membership_aggregator.go:25 - Membership aggregation completed
2025/05/06 06:39:17 [INFO] 2025-05-06 06:39:17 CDT membership_aggregator.go:25 - Membership aggregation completed
2025/05/06 06:40:17 [INFO] 2025-05-06 06:40:17 CDT membership_aggregator.go:25 - Membership aggregation completed
2025/05/06 06:41:17 [INFO] 2025-05-06 06:41:17 CDT membership_aggregator.go:25 - Membership aggregation completed
2025/05/06 06:42:17 [INFO] 2025-05-06 06:42:17 CDT membership_aggregator.go:25 - Membership aggregation completed
2025/05/06 06:43:17 [INFO] 2025-05-06 06:43:17 CDT membership_aggregator.go:25 - Membership aggregation completed
2025/05/06 06:44:17 [INFO] 2025-05-06 06:44:17 CDT membership_aggregator.go:25 - Membership aggregation completed
2025/05/06 06:45:17 [INFO] 2025-05-06 06:45:17 CDT membership_aggregator.go:25 - Membership aggregation completed
2025/05/06 06:46:17 [INFO] 2025-05-06 06:46:17 CDT membership_aggregator.go:25 - Membership aggregation completed
2025/05/06 06:47:17 [INFO] 2025-05-06 06:47:17 CDT membership_aggregator.go:25 - Membership aggregation completed
2025/05/06 06:48:17 [INFO] 2025-05-06 06:48:17 CDT membership_aggregator.go:25 - Membership aggregation completed
2025/05/06 06:49:17 [INFO] 2025-05-06 06:49:17 CDT membership_aggregator.go:25 - Membership aggregation completed
2025/05/06 06:50:17 [INFO] 2025-05-06 06:50:17 CDT membership_aggregator.go:25 - Membership aggregation completed
2025/05/06 06:51:17 [INFO] 2025-05-06 06:51:17 CDT membership_aggregator.go:25 - Membership aggregation completed
2025/05/06 06:52:17 [INFO] 2025-05-06 06:52:17 CDT membership_aggregator.go:25 - Membership aggregation completed
2025/05/06 06:53:17 [INFO] 2025-05-06 06:53:17 CDT membership_aggregator.go:25 - Membership aggregation completed
2025/05/06 06:54:17 [INFO] 2025-05-06 06:54:17 CDT membership_aggregator.go:25 - Membership aggregation completed
2025/05/06 06:55:17 [INFO] 2025-05-06 06:55:17 CDT membership_aggregator.go:25 - Membership aggregation completed
2025/05/06 06:56:17 [INFO] 2025-05-06 06:56:17 CDT membership_aggregator.go:25 - Membership aggregation completed
2025/05/06 06:57:17 [INFO] 2025-05-06 06:57:17 CDT membership_aggregator.go:25 - Membership aggregation completed
2025/05/06 06:58:17 [INFO] 2025-05-06 06:58:17 CDT membership_aggregator.go:25 - Membership aggregation completed
2025/05/06 06:59:17 [INFO] 2025-05-06 06:59:17 CDT membership_aggregator.go:25 - Membership aggregation completed
2025/05/06 07:00:17 [INFO] 2025-05-06 07:00:17 CDT membership_aggregator.go:25 - Membership aggregation completed
2025/05/06 07:01:17 [INFO] 2025-05-06 07:01:17 CDT security.go:99 - CSRF token cleanup ran (hourly log)
2025/05/06 07:01:17 [INFO] 2025-05-06 07:01:17 CDT membership_aggregator.go:25 - Membership aggregation completed
2025/05/06 07:02:17 [INFO] 2025-05-06 07:02:17 CDT membership_aggregator.go:25 - Membership aggregation completed
2025/05/06 07:03:17 [INFO] 2025-05-06 07:03:17 CDT membership_aggregator.go:25 - Membership aggregation completed
2025/05/06 07:04:17 [INFO] 2025-05-06 07:04:17 CDT membership_aggregator.go:25 - Membership aggregation completed
2025/05/06 07:05:17 [INFO] 2025-05-06 07:05:17 CDT membership_aggregator.go:25 - Membership aggregation completed
2025/05/06 07:06:17 [INFO] 2025-05-06 07:06:17 CDT membership_aggregator.go:25 - Membership aggregation completed
2025/05/06 07:07:17 [INFO] 2025-05-06 07:07:17 CDT membership_aggregator.go:25 - Membership aggregation completed
2025/05/06 07:08:17 [INFO] 2025-05-06 07:08:17 CDT membership_aggregator.go:25 - Membership aggregation completed
2025/05/06 07:09:17 [INFO] 2025-05-06 07:09:17 CDT membership_aggregator.go:25 - Membership aggregation completed
2025/05/06 07:10:17 [INFO] 2025-05-06 07:10:17 CDT membership_aggregator.go:25 - Membership aggregation completed
2025/05/06 07:11:17 [INFO] 2025-05-06 07:11:17 CDT membership_aggregator.go:25 - Membership aggregation completed
2025/05/06 07:12:17 [INFO] 2025-05-06 07:12:17 CDT membership_aggregator.go:25 - Membership aggregation completed
2025/05/06 07:21:13 [INFO] 2025-05-06 07:21:13 CDT membership_aggregator.go:25 - Membership aggregation completed
2025/05/06 07:22:13 [INFO] 2025-05-06 07:22:13 CDT membership_aggregator.go:25 - Membership aggregation completed
2025/05/06 07:23:13 [INFO] 2025-05-06 07:23:13 CDT membership_aggregator.go:25 - Membership aggregation completed
2025/05/06 07:24:13 [INFO] 2025-05-06 07:24:13 CDT membership_aggregator.go:25 - Membership aggregation completed
2025/05/06 07:25:13 [INFO] 2025-05-06 07:25:13 CDT membership_aggregator.go:25 - Membership aggregation completed
2025/05/06 07:43:35 [INFO] 2025-05-06 07:43:35 CDT membership_aggregator.go:25 - Membership aggregation completed
2025/05/06 07:44:35 [INFO] 2025-05-06 07:44:35 CDT membership_aggregator.go:25 - Membership aggregation completed
2025/05/06 07:45:35 [INFO] 2025-05-06 07:45:35 CDT membership_aggregator.go:25 - Membership aggregation completed
2025/05/06 07:46:35 [INFO] 2025-05-06 07:46:35 CDT membership_aggregator.go:25 - Membership aggregation completed
2025/05/06 07:47:35 [INFO] 2025-05-06 07:47:35 CDT membership_aggregator.go:25 - Membership aggregation completed
2025/05/06 08:06:10 [INFO] 2025-05-06 08:06:10 CDT membership_aggregator.go:25 - Membership aggregation completed
2025/05/06 08:07:10 [INFO] 2025-05-06 08:07:10 CDT membership_aggregator.go:25 - Membership aggregation completed
2025/05/06 08:08:10 [INFO] 2025-05-06 08:08:10 CDT membership_aggregator.go:25 - Membership aggregation completed
2025/05/06 08:09:10 [INFO] 2025-05-06 08:09:10 CDT membership_aggregator.go:25 - Membership aggregation completed
2025/05/06 08:10:10 [INFO] 2025-05-06 08:10:10 CDT membership_aggregator.go:25 - Membership aggregation completed
2025/05/06 08:21:29 [INFO] 2025-05-06 08:21:29 CDT membership_aggregator.go:25 - Membership aggregation completed
2025/05/06 08:22:29 [INFO] 2025-05-06 08:22:29 CDT membership_aggregator.go:25 - Membership aggregation completed
2025/05/06 08:23:29 [INFO] 2025-05-06 08:23:29 CDT membership_aggregator.go:25 - Membership aggregation completed
2025/05/06 08:24:29 [INFO] 2025-05-06 08:24:29 CDT security.go:99 - CSRF token cleanup ran (hourly log)
2025/05/06 08:24:29 [INFO] 2025-05-06 08:24:29 CDT membership_aggregator.go:25 - Membership aggregation completed
2025/05/06 08:25:29 [INFO] 2025-05-06 08:25:29 CDT membership_aggregator.go:25 - Membership aggregation completed
2025/05/06 08:26:29 [INFO] 2025-05-06 08:26:29 CDT membership_aggregator.go:25 - Membership aggregation completed
2025/05/06 08:43:00 [INFO] 2025-05-06 08:43:00 CDT membership_aggregator.go:25 - Membership aggregation completed
2025/05/06 08:44:00 [INFO] 2025-05-06 08:44:00 CDT membership_aggregator.go:25 - Membership aggregation completed
2025/05/06 08:45:00 [INFO] 2025-05-06 08:45:00 CDT membership_aggregator.go:25 - Membership aggregation completed
2025/05/06 08:46:00 [INFO] 2025-05-06 08:46:00 CDT membership_aggregator.go:25 - Membership aggregation completed
2025/05/06 08:47:00 [INFO] 2025-05-06 08:47:00 CDT membership_aggregator.go:25 - Membership aggregation completed
2025/05/06 09:04:27 [INFO] 2025-05-06 09:04:27 CDT membership_aggregator.go:25 - Membership aggregation completed
2025/05/06 09:05:27 [INFO] 2025-05-06 09:05:27 CDT membership_aggregator.go:25 - Membership aggregation completed
2025/05/06 09:06:27 [INFO] 2025-05-06 09:06:27 CDT membership_aggregator.go:25 - Membership aggregation completed
2025/05/06 09:07:27 [INFO] 2025-05-06 09:07:27 CDT membership_aggregator.go:25 - Membership aggregation completed
2025/05/06 09:08:27 [INFO] 2025-05-06 09:08:27 CDT membership_aggregator.go:25 - Membership aggregation completed
2025/05/06 09:22:50 [INFO] 2025-05-06 09:22:50 CDT membership_aggregator.go:25 - Membership aggregation completed
2025/05/06 09:23:50 [INFO] 2025-05-06 09:23:50 CDT membership_aggregator.go:25 - Membership aggregation completed
2025/05/06 09:24:50 [INFO] 2025-05-06 09:24:50 CDT membership_aggregator.go:25 - Membership aggregation completed
2025/05/06 09:25:50 [INFO] 2025-05-06 09:25:50 CDT membership_aggregator.go:25 - Membership aggregation completed
2025/05/06 09:26:50 [INFO] 2025-05-06 09:26:50 CDT membership_aggregator.go:25 - Membership aggregation completed
2025/05/06 09:44:24 [INFO] 2025-05-06 09:44:24 CDT membership_aggregator.go:25 - Membership aggregation completed
2025/05/06 09:45:24 [INFO] 2025-05-06 09:45:24 CDT membership_aggregator.go:25 - Membership aggregation completed
2025/05/06 09:46:24 [INFO] 2025-05-06 09:46:24 CDT membership_aggregator.go:25 - Membership aggregation completed
2025/05/06 09:47:24 [INFO] 2025-05-06 09:47:24 CDT membership_aggregator.go:25 - Membership aggregation completed
2025/05/06 09:48:24 [INFO] 2025-05-06 09:48:24 CDT membership_aggregator.go:25 - Membership aggregation completed
2025/05/06 10:05:24 [INFO] 2025-05-06 10:05:24 CDT membership_aggregator.go:25 - Membership aggregation completed
2025/05/06 10:06:24 [INFO] 2025-05-06 10:06:24 CDT membership_aggregator.go:25 - Membership aggregation completed
2025/05/06 10:07:24 [INFO] 2025-05-06 10:07:24 CDT membership_aggregator.go:25 - Membership aggregation completed
2025/05/06 10:08:24 [INFO] 2025-05-06 10:08:24 CDT membership_aggregator.go:25 - Membership aggregation completed
2025/05/06 10:09:24 [INFO] 2025-05-06 10:09:24 CDT membership_aggregator.go:25 - Membership aggregation completed
2025/05/06 10:23:20 [INFO] 2025-05-06 10:23:20 CDT membership_aggregator.go:25 - Membership aggregation completed
2025/05/06 10:24:19 [INFO] 2025-05-06 10:24:19 CDT membership_aggregator.go:25 - Membership aggregation completed
2025/05/06 10:25:19 [INFO] 2025-05-06 10:25:19 CDT security.go:99 - CSRF token cleanup ran (hourly log)
2025/05/06 10:25:19 [INFO] 2025-05-06 10:25:19 CDT membership_aggregator.go:25 - Membership aggregation completed
2025/05/06 10:26:19 [INFO] 2025-05-06 10:26:19 CDT membership_aggregator.go:25 - Membership aggregation completed
2025/05/06 10:27:19 [INFO] 2025-05-06 10:27:19 CDT membership_aggregator.go:25 - Membership aggregation completed
2025/05/06 10:28:19 [INFO] 2025-05-06 10:28:19 CDT membership_aggregator.go:25 - Membership aggregation completed
2025/05/06 10:46:43 [INFO] 2025-05-06 10:46:43 CDT membership_aggregator.go:25 - Membership aggregation completed
2025/05/06 10:47:43 [INFO] 2025-05-06 10:47:43 CDT membership_aggregator.go:25 - Membership aggregation completed
2025/05/06 10:48:43 [INFO] 2025-05-06 10:48:43 CDT membership_aggregator.go:25 - Membership aggregation completed
2025/05/06 10:49:43 [INFO] 2025-05-06 10:49:43 CDT membership_aggregator.go:25 - Membership aggregation completed
2025/05/06 10:50:43 [INFO] 2025-05-06 10:50:43 CDT membership_aggregator.go:25 - Membership aggregation completed
2025/05/06 11:06:57 [INFO] 2025-05-06 11:06:57 CDT membership_aggregator.go:25 - Membership aggregation completed
2025/05/06 11:07:57 [INFO] 2025-05-06 11:07:57 CDT membership_aggregator.go:25 - Membership aggregation completed
2025/05/06 11:08:57 [INFO] 2025-05-06 11:08:57 CDT membership_aggregator.go:25 - Membership aggregation completed
2025/05/06 11:09:57 [INFO] 2025-05-06 11:09:57 CDT membership_aggregator.go:25 - Membership aggregation completed
2025/05/06 11:10:57 [INFO] 2025-05-06 11:10:57 CDT membership_aggregator.go:25 - Membership aggregation completed
2025/05/06 11:24:20 [INFO] 2025-05-06 11:24:20 CDT membership_aggregator.go:25 - Membership aggregation completed
2025/05/06 11:25:17 [INFO] 2025-05-06 11:25:17 CDT membership_aggregator.go:25 - Membership aggregation completed
2025/05/06 11:26:17 [INFO] 2025-05-06 11:26:17 CDT membership_aggregator.go:25 - Membership aggregation completed
2025/05/06 11:27:17 [INFO] 2025-05-06 11:27:17 CDT membership_aggregator.go:25 - Membership aggregation completed
2025/05/06 11:28:17 [INFO] 2025-05-06 11:28:17 CDT membership_aggregator.go:25 - Membership aggregation completed
2025/05/06 11:29:17 [INFO] 2025-05-06 11:29:17 CDT membership_aggregator.go:25 - Membership aggregation completed
2025/05/06 11:46:24 [INFO] 2025-05-06 11:46:24 CDT membership_aggregator.go:25 - Membership aggregation completed
2025/05/06 11:47:24 [INFO] 2025-05-06 11:47:24 CDT membership_aggregator.go:25 - Membership aggregation completed
2025/05/06 11:48:24 [INFO] 2025-05-06 11:48:24 CDT membership_aggregator.go:25 - Membership aggregation completed
2025/05/06 11:49:24 [INFO] 2025-05-06 11:49:24 CDT membership_aggregator.go:25 - Membership aggregation completed
2025/05/06 11:50:24 [INFO] 2025-05-06 11:50:24 CDT membership_aggregator.go:25 - Membership aggregation completed
2025/05/06 12:07:10 [INFO] 2025-05-06 12:07:10 CDT membership_aggregator.go:25 - Membership aggregation completed
2025/05/06 12:08:10 [INFO] 2025-05-06 12:08:10 CDT membership_aggregator.go:25 - Membership aggregation completed
2025/05/06 12:09:10 [INFO] 2025-05-06 12:09:10 CDT membership_aggregator.go:25 - Membership aggregation completed
2025/05/06 12:10:10 [INFO] 2025-05-06 12:10:10 CDT membership_aggregator.go:25 - Membership aggregation completed
2025/05/06 12:11:10 [INFO] 2025-05-06 12:11:10 CDT membership_aggregator.go:25 - Membership aggregation completed
2025/05/06 12:25:49 [INFO] 2025-05-06 12:25:49 CDT security.go:99 - CSRF token cleanup ran (hourly log)
2025/05/06 12:25:49 [INFO] 2025-05-06 12:25:49 CDT membership_aggregator.go:25 - Membership aggregation completed
2025/05/06 12:26:49 [INFO] 2025-05-06 12:26:49 CDT membership_aggregator.go:25 - Membership aggregation completed
2025/05/06 12:27:49 [INFO] 2025-05-06 12:27:49 CDT membership_aggregator.go:25 - Membership aggregation completed
2025/05/06 12:28:50 [INFO] 2025-05-06 12:28:50 CDT membership_aggregator.go:25 - Membership aggregation completed
2025/05/06 12:29:50 [INFO] 2025-05-06 12:29:50 CDT membership_aggregator.go:25 - Membership aggregation completed
2025/05/06 12:46:25 [INFO] 2025-05-06 12:46:25 CDT membership_aggregator.go:25 - Membership aggregation completed
2025/05/06 12:47:25 [INFO] 2025-05-06 12:47:25 CDT membership_aggregator.go:25 - Membership aggregation completed
2025/05/06 12:48:25 [INFO] 2025-05-06 12:48:25 CDT membership_aggregator.go:25 - Membership aggregation completed
2025/05/06 12:49:25 [INFO] 2025-05-06 12:49:25 CDT membership_aggregator.go:25 - Membership aggregation completed
2025/05/06 12:50:25 [INFO] 2025-05-06 12:50:25 CDT membership_aggregator.go:25 - Membership aggregation completed
2025/05/06 13:06:25 [INFO] 2025-05-06 13:06:25 CDT membership_aggregator.go:25 - Membership aggregation completed
2025/05/06 13:07:22 [INFO] 2025-05-06 13:07:22 CDT membership_aggregator.go:25 - Membership aggregation completed
2025/05/06 13:08:22 [INFO] 2025-05-06 13:08:22 CDT membership_aggregator.go:25 - Membership aggregation completed
2025/05/06 13:09:22 [INFO] 2025-05-06 13:09:22 CDT membership_aggregator.go:25 - Membership aggregation completed
2025/05/06 13:10:22 [INFO] 2025-05-06 13:10:22 CDT membership_aggregator.go:25 - Membership aggregation completed
2025/05/06 13:11:22 [INFO] 2025-05-06 13:11:22 CDT membership_aggregator.go:25 - Membership aggregation completed
2025/05/06 13:27:13 [INFO] 2025-05-06 13:27:13 CDT membership_aggregator.go:25 - Membership aggregation completed
2025/05/06 13:28:13 [INFO] 2025-05-06 13:28:13 CDT membership_aggregator.go:25 - Membership aggregation completed
2025/05/06 13:29:13 [INFO] 2025-05-06 13:29:13 CDT membership_aggregator.go:25 - Membership aggregation completed
2025/05/06 13:30:13 [INFO] 2025-05-06 13:30:13 CDT membership_aggregator.go:25 - Membership aggregation completed
2025/05/06 13:31:13 [INFO] 2025-05-06 13:31:13 CDT membership_aggregator.go:25 - Membership aggregation completed
2025/05/06 13:47:27 [INFO] 2025-05-06 13:47:27 CDT membership_aggregator.go:25 - Membership aggregation completed
2025/05/06 13:48:27 [INFO] 2025-05-06 13:48:27 CDT membership_aggregator.go:25 - Membership aggregation completed
2025/05/06 13:49:27 [INFO] 2025-05-06 13:49:27 CDT membership_aggregator.go:25 - Membership aggregation completed
2025/05/06 13:50:27 [INFO] 2025-05-06 13:50:27 CDT membership_aggregator.go:25 - Membership aggregation completed
2025/05/06 13:51:27 [INFO] 2025-05-06 13:51:27 CDT membership_aggregator.go:25 - Membership aggregation completed
2025/05/06 14:09:16 [INFO] 2025-05-06 14:09:16 CDT membership_aggregator.go:25 - Membership aggregation completed
2025/05/06 14:10:16 [INFO] 2025-05-06 14:10:16 CDT membership_aggregator.go:25 - Membership aggregation completed
2025/05/06 14:11:16 [INFO] 2025-05-06 14:11:16 CDT membership_aggregator.go:25 - Membership aggregation completed
2025/05/06 14:12:16 [INFO] 2025-05-06 14:12:16 CDT membership_aggregator.go:25 - Membership aggregation completed
2025/05/06 14:13:16 [INFO] 2025-05-06 14:13:16 CDT security.go:99 - CSRF token cleanup ran (hourly log)
2025/05/06 14:13:16 [INFO] 2025-05-06 14:13:16 CDT membership_aggregator.go:25 - Membership aggregation completed
2025/05/06 14:21:48 [INFO] 2025-05-06 14:21:48 CDT membership_aggregator.go:25 - Membership aggregation completed
2025/05/06 14:22:48 [INFO] 2025-05-06 14:22:48 CDT membership_aggregator.go:25 - Membership aggregation completed
2025/05/06 14:23:48 [INFO] 2025-05-06 14:23:48 CDT membership_aggregator.go:25 - Membership aggregation completed
2025/05/06 14:24:48 [INFO] 2025-05-06 14:24:48 CDT membership_aggregator.go:25 - Membership aggregation completed
2025/05/06 14:25:48 [INFO] 2025-05-06 14:25:48 CDT membership_aggregator.go:25 - Membership aggregation completed
2025/05/06 14:42:05 [INFO] 2025-05-06 14:42:05 CDT membership_aggregator.go:25 - Membership aggregation completed
2025/05/06 14:43:05 [INFO] 2025-05-06 14:43:05 CDT membership_aggregator.go:25 - Membership aggregation completed
2025/05/06 14:44:05 [INFO] 2025-05-06 14:44:05 CDT membership_aggregator.go:25 - Membership aggregation completed
2025/05/06 14:45:05 [INFO] 2025-05-06 14:45:05 CDT membership_aggregator.go:25 - Membership aggregation completed
2025/05/06 14:46:05 [INFO] 2025-05-06 14:46:05 CDT membership_aggregator.go:25 - Membership aggregation completed
2025/05/06 14:47:05 [INFO] 2025-05-06 14:47:05 CDT membership_aggregator.go:25 - Membership aggregation completed
2025/05/06 15:03:29 [INFO] 2025-05-06 15:03:29 CDT membership_aggregator.go:25 - Membership aggregation completed
2025/05/06 15:04:29 [INFO] 2025-05-06 15:04:29 CDT membership_aggregator.go:25 - Membership aggregation completed
2025/05/06 15:05:29 [INFO] 2025-05-06 15:05:29 CDT membership_aggregator.go:25 - Membership aggregation completed
2025/05/06 15:06:29 [INFO] 2025-05-06 15:06:29 CDT membership_aggregator.go:25 - Membership aggregation completed
2025/05/06 15:07:29 [INFO] 2025-05-06 15:07:29 CDT membership_aggregator.go:25 - Membership aggregation completed
2025/05/06 15:24:40 [INFO] 2025-05-06 15:24:40 CDT membership_aggregator.go:25 - Membership aggregation completed
2025/05/06 15:25:40 [INFO] 2025-05-06 15:25:40 CDT membership_aggregator.go:25 - Membership aggregation completed
2025/05/06 15:26:40 [INFO] 2025-05-06 15:26:40 CDT membership_aggregator.go:25 - Membership aggregation completed
2025/05/06 15:27:40 [INFO] 2025-05-06 15:27:40 CDT membership_aggregator.go:25 - Membership aggregation completed
2025/05/06 15:28:40 [INFO] 2025-05-06 15:28:40 CDT membership_aggregator.go:25 - Membership aggregation completed
2025/05/06 15:45:30 [INFO] 2025-05-06 15:45:30 CDT membership_aggregator.go:25 - Membership aggregation completed
2025/05/06 15:46:30 [INFO] 2025-05-06 15:46:30 CDT membership_aggregator.go:25 - Membership aggregation completed
2025/05/06 15:47:30 [INFO] 2025-05-06 15:47:30 CDT membership_aggregator.go:25 - Membership aggregation completed
2025/05/06 15:48:30 [INFO] 2025-05-06 15:48:30 CDT membership_aggregator.go:25 - Membership aggregation completed
2025/05/06 15:49:30 [INFO] 2025-05-06 15:49:30 CDT membership_aggregator.go:25 - Membership aggregation completed
2025/05/06 16:06:31 [INFO] 2025-05-06 16:06:31 CDT membership_aggregator.go:25 - Membership aggregation completed
2025/05/06 16:07:31 [INFO] 2025-05-06 16:07:31 CDT membership_aggregator.go:25 - Membership aggregation completed
2025/05/06 16:08:31 [INFO] 2025-05-06 16:08:31 CDT membership_aggregator.go:25 - Membership aggregation completed
2025/05/06 16:09:31 [INFO] 2025-05-06 16:09:31 CDT security.go:99 - CSRF token cleanup ran (hourly log)
2025/05/06 16:09:31 [INFO] 2025-05-06 16:09:31 CDT membership_aggregator.go:25 - Membership aggregation completed
2025/05/06 16:10:31 [INFO] 2025-05-06 16:10:31 CDT membership_aggregator.go:25 - Membership aggregation completed
2025/05/06 16:26:51 [INFO] 2025-05-06 16:26:51 CDT membership_aggregator.go:25 - Membership aggregation completed
2025/05/06 16:27:51 [INFO] 2025-05-06 16:27:51 CDT membership_aggregator.go:25 - Membership aggregation completed
2025/05/06 16:28:51 [INFO] 2025-05-06 16:28:51 CDT membership_aggregator.go:25 - Membership aggregation completed
2025/05/06 16:29:51 [INFO] 2025-05-06 16:29:51 CDT membership_aggregator.go:25 - Membership aggregation completed
2025/05/06 16:30:51 [INFO] 2025-05-06 16:30:51 CDT membership_aggregator.go:25 - Membership aggregation completed
2025/05/06 16:31:51 [INFO] 2025-05-06 16:31:51 CDT membership_aggregator.go:25 - Membership aggregation completed
2025/05/06 16:48:48 [INFO] 2025-05-06 16:48:48 CDT membership_aggregator.go:25 - Membership aggregation completed
2025/05/06 16:49:48 [INFO] 2025-05-06 16:49:48 CDT membership_aggregator.go:25 - Membership aggregation completed
2025/05/06 16:50:48 [INFO] 2025-05-06 16:50:48 CDT membership_aggregator.go:25 - Membership aggregation completed
2025/05/06 16:51:48 [INFO] 2025-05-06 16:51:48 CDT membership_aggregator.go:25 - Membership aggregation completed
2025/05/06 16:52:48 [INFO] 2025-05-06 16:52:48 CDT membership_aggregator.go:25 - Membership aggregation completed
2025/05/06 17:00:45 [INFO] 2025-05-06 17:00:45 CDT membership_aggregator.go:25 - Membership aggregation completed
2025/05/06 17:01:45 [INFO] 2025-05-06 17:01:45 CDT membership_aggregator.go:25 - Membership aggregation completed
2025/05/06 17:02:45 [INFO] 2025-05-06 17:02:45 CDT membership_aggregator.go:25 - Membership aggregation completed
2025/05/06 17:03:45 [INFO] 2025-05-06 17:03:45 CDT membership_aggregator.go:25 - Membership aggregation completed
2025/05/06 17:04:45 [INFO] 2025-05-06 17:04:45 CDT membership_aggregator.go:25 - Membership aggregation completed
2025/05/06 17:13:43 [INFO] 2025-05-06 17:13:43 CDT membership_aggregator.go:25 - Membership aggregation completed
2025/05/06 17:44:33 [INFO] 2025-05-06 17:44:33 CDT membership_aggregator.go:25 - Membership aggregation completed
2025/05/06 17:45:33 [INFO] 2025-05-06 17:45:33 CDT membership_aggregator.go:25 - Membership aggregation completed
2025/05/06 17:46:33 [INFO] 2025-05-06 17:46:33 CDT membership_aggregator.go:25 - Membership aggregation completed
2025/05/06 17:48:36 [INFO] 2025-05-06 17:48:36 CDT membership_aggregator.go:25 - Membership aggregation completed
2025/05/06 17:49:36 [INFO] 2025-05-06 17:49:36 CDT membership_aggregator.go:25 - Membership aggregation completed
2025/05/06 17:50:36 [INFO] 2025-05-06 17:50:36 CDT membership_aggregator.go:25 - Membership aggregation completed
2025/05/06 17:51:36 [INFO] 2025-05-06 17:51:36 CDT membership_aggregator.go:25 - Membership aggregation completed
2025/05/06 17:52:36 [INFO] 2025-05-06 17:52:36 CDT membership_aggregator.go:25 - Membership aggregation completed
2025/05/06 18:01:52 [INFO] 2025-05-06 18:01:52 CDT membership_aggregator.go:25 - Membership aggregation completed
2025/05/06 18:02:52 [INFO] 2025-05-06 18:02:52 CDT membership_aggregator.go:25 - Membership aggregation completed
2025/05/06 18:03:52 [INFO] 2025-05-06 18:03:52 CDT membership_aggregator.go:25 - Membership aggregation completed
2025/05/06 18:04:52 [INFO] 2025-05-06 18:04:52 CDT security.go:99 - CSRF token cleanup ran (hourly log)
2025/05/06 18:04:52 [INFO] 2025-05-06 18:04:52 CDT membership_aggregator.go:25 - Membership aggregation completed
2025/05/06 18:05:52 [INFO] 2025-05-06 18:05:52 CDT membership_aggregator.go:25 - Membership aggregation completed
2025/05/06 18:22:47 [INFO] 2025-05-06 18:22:47 CDT membership_aggregator.go:25 - Membership aggregation completed
2025/05/06 18:23:47 [INFO] 2025-05-06 18:23:47 CDT membership_aggregator.go:25 - Membership aggregation completed
2025/05/06 18:24:47 [INFO] 2025-05-06 18:24:47 CDT membership_aggregator.go:25 - Membership aggregation completed
2025/05/06 18:25:47 [INFO] 2025-05-06 18:25:47 CDT membership_aggregator.go:25 - Membership aggregation completed
2025/05/06 18:26:47 [INFO] 2025-05-06 18:26:47 CDT membership_aggregator.go:25 - Membership aggregation completed
2025/05/06 18:43:24 [INFO] 2025-05-06 18:43:24 CDT membership_aggregator.go:25 - Membership aggregation completed
2025/05/06 18:44:24 [INFO] 2025-05-06 18:44:24 CDT membership_aggregator.go:25 - Membership aggregation completed
2025/05/06 18:45:24 [INFO] 2025-05-06 18:45:24 CDT membership_aggregator.go:25 - Membership aggregation completed
2025/05/06 18:46:24 [INFO] 2025-05-06 18:46:24 CDT membership_aggregator.go:25 - Membership aggregation completed
2025/05/06 18:47:24 [INFO] 2025-05-06 18:47:24 CDT membership_aggregator.go:25 - Membership aggregation completed
2025/05/06 19:00:06 [INFO] 2025-05-06 19:00:06 CDT membership_aggregator.go:25 - Membership aggregation completed
2025/05/06 19:01:06 [INFO] 2025-05-06 19:01:06 CDT membership_aggregator.go:25 - Membership aggregation completed
2025/05/06 19:15:13 [INFO] 2025-05-06 19:15:13 CDT membership_aggregator.go:25 - Membership aggregation completed
2025/05/06 19:16:13 [INFO] 2025-05-06 19:16:13 CDT membership_aggregator.go:25 - Membership aggregation completed
2025/05/06 19:17:13 [INFO] 2025-05-06 19:17:13 CDT membership_aggregator.go:25 - Membership aggregation completed
2025/05/06 19:18:13 [INFO] 2025-05-06 19:18:13 CDT membership_aggregator.go:25 - Membership aggregation completed
2025/05/06 19:19:13 [INFO] 2025-05-06 19:19:13 CDT membership_aggregator.go:25 - Membership aggregation completed
2025/05/06 19:20:13 [INFO] 2025-05-06 19:20:13 CDT membership_aggregator.go:25 - Membership aggregation completed
2025/05/06 19:37:41 [INFO] 2025-05-06 19:37:41 CDT membership_aggregator.go:25 - Membership aggregation completed
2025/05/06 19:38:41 [INFO] 2025-05-06 19:38:41 CDT membership_aggregator.go:25 - Membership aggregation completed
2025/05/06 19:39:41 [INFO] 2025-05-06 19:39:41 CDT membership_aggregator.go:25 - Membership aggregation completed
2025/05/06 19:40:41 [INFO] 2025-05-06 19:40:41 CDT membership_aggregator.go:25 - Membership aggregation completed
2025/05/06 19:41:41 [INFO] 2025-05-06 19:41:41 CDT membership_aggregator.go:25 - Membership aggregation completed
2025/05/06 20:12:38 [INFO] 2025-05-06 20:12:38 CDT membership_aggregator.go:25 - Membership aggregation completed
2025/05/06 20:13:38 [INFO] 2025-05-06 20:13:38 CDT membership_aggregator.go:25 - Membership aggregation completed
2025/05/06 20:14:38 [INFO] 2025-05-06 20:14:38 CDT membership_aggregator.go:25 - Membership aggregation completed
2025/05/06 20:15:38 [INFO] 2025-05-06 20:15:38 CDT membership_aggregator.go:25 - Membership aggregation completed
2025/05/06 20:16:38 [INFO] 2025-05-06 20:16:38 CDT membership_aggregator.go:25 - Membership aggregation completed
2025/05/06 20:33:30 [INFO] 2025-05-06 20:33:30 CDT security.go:99 - CSRF token cleanup ran (hourly log)
2025/05/06 20:33:30 [INFO] 2025-05-06 20:33:30 CDT membership_aggregator.go:25 - Membership aggregation completed
2025/05/06 20:34:30 [INFO] 2025-05-06 20:34:30 CDT membership_aggregator.go:25 - Membership aggregation completed
2025/05/06 20:35:30 [INFO] 2025-05-06 20:35:30 CDT membership_aggregator.go:25 - Membership aggregation completed
2025/05/06 20:36:30 [INFO] 2025-05-06 20:36:30 CDT membership_aggregator.go:25 - Membership aggregation completed
2025/05/06 20:37:30 [INFO] 2025-05-06 20:37:30 CDT membership_aggregator.go:25 - Membership aggregation completed
2025/05/06 21:08:25 [INFO] 2025-05-06 21:08:25 CDT membership_aggregator.go:25 - Membership aggregation completed
2025/05/06 21:15:31 [INFO] 2025-05-06 21:15:31 CDT membership_aggregator.go:25 - Membership aggregation completed
2025/05/06 21:16:31 [INFO] 2025-05-06 21:16:31 CDT membership_aggregator.go:25 - Membership aggregation completed
2025/05/06 21:17:31 [INFO] 2025-05-06 21:17:31 CDT membership_aggregator.go:25 - Membership aggregation completed
2025/05/06 21:18:31 [INFO] 2025-05-06 21:18:31 CDT membership_aggregator.go:25 - Membership aggregation completed
2025/05/06 21:19:31 [INFO] 2025-05-06 21:19:31 CDT membership_aggregator.go:25 - Membership aggregation completed
2025/05/06 21:38:01 [INFO] 2025-05-06 21:38:01 CDT membership_aggregator.go:25 - Membership aggregation completed
2025/05/06 21:39:01 [INFO] 2025-05-06 21:39:01 CDT membership_aggregator.go:25 - Membership aggregation completed
2025/05/06 21:40:01 [INFO] 2025-05-06 21:40:01 CDT membership_aggregator.go:25 - Membership aggregation completed
2025/05/06 21:41:01 [INFO] 2025-05-06 21:41:01 CDT membership_aggregator.go:25 - Membership aggregation completed
2025/05/06 21:42:01 [INFO] 2025-05-06 21:42:01 CDT membership_aggregator.go:25 - Membership aggregation completed
2025/05/06 21:45:13 [INFO] 2025-05-06 21:45:13 CDT membership_aggregator.go:25 - Membership aggregation completed
2025/05/06 21:46:39 [INFO] 2025-05-06 21:46:39 CDT membership_aggregator.go:25 - Membership aggregation completed
2025/05/06 21:47:39 [INFO] 2025-05-06 21:47:39 CDT membership_aggregator.go:25 - Membership aggregation completed
2025/05/06 21:48:39 [INFO] 2025-05-06 21:48:39 CDT membership_aggregator.go:25 - Membership aggregation completed
2025/05/06 21:49:39 [INFO] 2025-05-06 21:49:39 CDT membership_aggregator.go:25 - Membership aggregation completed
2025/05/06 21:50:39 [INFO] 2025-05-06 21:50:39 CDT membership_aggregator.go:25 - Membership aggregation completed
2025/05/06 21:51:16 [INFO] 2025-05-06 21:51:16 CDT main.go:142 - Shutdown signal received
2025/05/06 21:51:16 [INFO] 2025-05-06 21:51:16 CDT main.go:152 - Server shut down gracefully
2025/05/06 21:51:16 [INFO] 2025-05-06 21:51:16 CDT main.go:156 - Shutdown signal received
2025/05/06 21:51:16 [INFO] 2025-05-06 21:51:16 CDT main.go:157 - Waiting for active connections to finish...
2025/05/06 21:51:16 [INFO] 2025-05-06 21:51:16 CDT main.go:159 - All connections closed. Total requests handled: 1
2025/05/06 21:51:16 [INFO] 2025-05-06 21:51:16 CDT main.go:160 - Server shut down gracefully
