2025/04/30 16:56:20 [INFO] 2025-04-30 16:56:20 CDT logger.go:85 - Logger initialized, writing to logs/devlog_2025-04-30.log
2025/04/30 16:56:20 [INFO] 2025-04-30 16:56:20 CDT main.go:48 - Environment and paths loaded. Logger ready.
2025/04/30 16:56:20 [INFO] 2025-04-30 16:56:20 CDT config.go:164 - Using PayPal Sandbox environment
2025/04/30 16:56:20 [FATAL] 2025-04-30 16:56:20 CDT main.go:57 - Failed to preload pending payments: failed to read data directory: open booster/data/memberships/2025: no such file or directory
2025/04/30 16:58:58 [INFO] 2025-04-30 16:58:58 CDT logger.go:85 - Logger initialized, writing to logs/devlog_2025-04-30.log
2025/04/30 16:58:58 [INFO] 2025-04-30 16:58:58 CDT main.go:48 - Environment and paths loaded. Logger ready.
2025/04/30 16:58:58 [INFO] 2025-04-30 16:58:58 CDT config.go:164 - Using PayPal Sandbox environment
2025/04/30 16:58:58 [INFO] 2025-04-30 16:58:58 CDT main.go:59 - Pending payments preloaded successfully.
2025/04/30 16:58:58 [INFO] 2025-04-30 16:58:58 CDT config.go:56 - Running in development environment
2025/04/30 16:58:58 [INFO] 2025-04-30 16:58:58 CDT main.go:130 - Starting server on 0.0.0.0:5051
2025/04/30 17:03:16 [INFO] 2025-04-30 17:03:16 CDT logger.go:122 - HTTP GET /csrf-token from 127.0.0.1
2025/04/30 17:03:16 [INFO] 2025-04-30 17:03:16 CDT main.go:184 - GET /api/csrf-token took 538.311µs
2025/04/30 17:03:58 [INFO] 2025-04-30 17:03:58 CDT security.go:93 - CSRF token cleanup completed
2025/04/30 17:04:05 [INFO] 2025-04-30 17:04:05 CDT logger.go:122 - HTTP POST /submit-form from 127.0.0.1
2025/04/30 17:04:05 [INFO] 2025-04-30 17:04:05 CDT form.go:76 - Form values received: map[csrf_token:[tKg2VGpc+BfzZAuG5OtYNPjq797/VpeJgnJnPZau3V4=] describe:[at-home-teacher] email:[ice@nba.net] form_type:[membership] full_name:[Thaw Icehorn] hidden_field:[] interests:[volunteering] membership_status:[returning] school:[south-euless] student_1_grade:[2] student_1_name:[Fire Icehorn] student_2_grade:[K] student_2_name:[Frozen Icehorn] student_count:[2]]
2025/04/30 17:04:05 [INFO] 2025-04-30 17:04:05 CDT form.go:55 - Stat update: total_submissions = 1
2025/04/30 17:04:05 [INFO] 2025-04-30 17:04:05 CDT data.go:128 - Form saved successfully: booster/data/memberships/2025/membership-2025-04-30_17-04-05-N3i0JQ.json
2025/04/30 17:04:05 [INFO] 2025-04-30 17:04:05 CDT form.go:148 - Form membership-2025-04-30_17-04-05-N3i0JQ accepted and saved successfully
2025/04/30 17:04:05 [INFO] 2025-04-30 17:04:05 CDT form.go:55 - Stat update: successful_submissions = 1
2025/04/30 17:04:05 [INFO] 2025-04-30 17:04:05 CDT form.go:271 - Form submitted: type=membership, formID=membership-2025-04-30_17-04-05-N3i0JQ, ip=127.0.0.1, time=2025-04-30 17:04:05
2025/04/30 17:04:05 [INFO] 2025-04-30 17:04:05 CDT main.go:184 - POST /api/submit-form took 1.133213ms
2025/04/30 17:04:40 [INFO] 2025-04-30 17:04:40 CDT logger.go:122 - HTTP POST /save-payment-data from 127.0.0.1
2025/04/30 17:04:40 [INFO] 2025-04-30 17:04:40 CDT payment.go:744 - Processing payment form: membership-2025-04-30_17-04-05-N3i0JQ
2025/04/30 17:04:40 [INFO] 2025-04-30 17:04:40 CDT payment.go:785 - Saving payment data to: ./booster/data/memberships/2025/membership-2025-04-30_17-04-05-N3i0JQ.json
2025/04/30 17:04:40 [INFO] 2025-04-30 17:04:40 CDT payment.go:825 - Base membership 'Premium Membership' = $50.00
2025/04/30 17:04:40 [INFO] 2025-04-30 17:04:40 CDT payment.go:829 - Addon 'Limited Edition Mug' = $30.00
2025/04/30 17:04:40 [INFO] 2025-04-30 17:04:40 CDT payment.go:834 - Donation = $56.00
2025/04/30 17:04:40 [INFO] 2025-04-30 17:04:40 CDT payment.go:842 - Covering processing fees: +$3.21
2025/04/30 17:04:40 [INFO] 2025-04-30 17:04:40 CDT payment.go:846 - Calculated total amount for membership-2025-04-30_17-04-05-N3i0JQ: $139.21
2025/04/30 17:04:40 [INFO] 2025-04-30 17:04:40 CDT payment.go:856 - Generated access token for membership-2025-04-30_17-04-05-N3i0JQ: yWPrIFOmjDg_wuNb5LRv3A==
2025/04/30 17:04:40 [INFO] 2025-04-30 17:04:40 CDT payment.go:895 - [SavePaymentDataHandler] Successfully processed form membership-2025-04-30_17-04-05-N3i0JQ
2025/04/30 17:04:40 [INFO] 2025-04-30 17:04:40 CDT main.go:184 - POST /api/save-payment-data took 1.60679ms
2025/04/30 17:04:42 [INFO] 2025-04-30 17:04:42 CDT logger.go:122 - HTTP GET /order-details from 127.0.0.1
2025/04/30 17:04:42 [INFO] 2025-04-30 17:04:42 CDT payment.go:1044 - Successfully verified access token for formID membership-2025-04-30_17-04-05-N3i0JQ
2025/04/30 17:04:42 [INFO] 2025-04-30 17:04:42 CDT main.go:184 - GET /api/order-details took 521.048µs
2025/04/30 17:05:11 [INFO] 2025-04-30 17:05:11 CDT payment.go:375 - Received PayPal order creation request for formID: membership-2025-04-30_17-04-05-N3i0JQ
2025/04/30 17:05:11 [INFO] 2025-04-30 17:05:11 CDT payment.go:190 - Requesting PayPal access token
2025/04/30 17:05:12 [INFO] 2025-04-30 17:05:12 CDT payment.go:232 - Successfully obtained PayPal access token (app_id: APP-80W284485P519543T, expires in 32400 seconds)
2025/04/30 17:05:12 [INFO] 2025-04-30 17:05:12 CDT payment.go:295 - Creating PayPal order
2025/04/30 17:05:13 [INFO] 2025-04-30 17:05:13 CDT payment.go:317 - Successfully created PayPal order
2025/04/30 17:05:13 [INFO] 2025-04-30 17:05:13 CDT payment.go:434 - Successfully created PayPal order for formID membership-2025-04-30_17-04-05-N3i0JQ: OrderID=04Y8973311754170C
2025/04/30 17:05:13 [INFO] 2025-04-30 17:05:13 CDT main.go:184 - POST /api/create-order took 1.66324667s
2025/04/30 17:05:33 [INFO] 2025-04-30 17:05:33 CDT payment.go:464 - Capturing PayPal order: 04Y8973311754170C
2025/04/30 17:05:33 [INFO] 2025-04-30 17:05:33 CDT payment.go:190 - Requesting PayPal access token
2025/04/30 17:05:34 [INFO] 2025-04-30 17:05:34 CDT payment.go:232 - Successfully obtained PayPal access token (app_id: APP-80W284485P519543T, expires in 32378 seconds)
2025/04/30 17:05:35 [INFO] 2025-04-30 17:05:35 CDT payment.go:505 - Successfully captured PayPal order: 04Y8973311754170C
2025/04/30 17:05:35 [INFO] 2025-04-30 17:05:35 CDT main.go:184 - POST /api/capture-order took 1.898399808s
2025/04/30 17:05:43 [INFO] 2025-04-30 17:05:43 CDT logger.go:122 - HTTP GET /order-details from 127.0.0.1
2025/04/30 17:05:43 [INFO] 2025-04-30 17:05:43 CDT payment.go:1044 - Successfully verified access token for formID membership-2025-04-30_17-04-05-N3i0JQ
2025/04/30 17:05:43 [INFO] 2025-04-30 17:05:43 CDT main.go:184 - GET /api/order-details took 854.865µs
2025/04/30 17:08:58 [INFO] 2025-04-30 17:08:58 CDT security.go:93 - CSRF token cleanup completed
2025/04/30 17:10:30 [INFO] 2025-04-30 17:10:30 CDT logger.go:122 - HTTP GET /order-details from 127.0.0.1
2025/04/30 17:10:30 [INFO] 2025-04-30 17:10:30 CDT payment.go:1044 - Successfully verified access token for formID membership-2025-04-30_17-04-05-N3i0JQ
2025/04/30 17:10:30 [INFO] 2025-04-30 17:10:30 CDT main.go:184 - GET /api/order-details took 766.434µs
2025/04/30 17:13:58 [INFO] 2025-04-30 17:13:58 CDT security.go:93 - CSRF token cleanup completed
2025/04/30 17:18:58 [INFO] 2025-04-30 17:18:58 CDT security.go:93 - CSRF token cleanup completed
2025/04/30 17:23:58 [INFO] 2025-04-30 17:23:58 CDT security.go:93 - CSRF token cleanup completed
2025/04/30 17:28:58 [INFO] 2025-04-30 17:28:58 CDT security.go:93 - CSRF token cleanup completed
2025/04/30 17:33:58 [INFO] 2025-04-30 17:33:58 CDT security.go:93 - CSRF token cleanup completed
2025/04/30 17:38:58 [INFO] 2025-04-30 17:38:58 CDT security.go:93 - CSRF token cleanup completed
2025/04/30 17:43:58 [INFO] 2025-04-30 17:43:58 CDT security.go:93 - CSRF token cleanup completed
2025/04/30 17:48:58 [INFO] 2025-04-30 17:48:58 CDT security.go:93 - CSRF token cleanup completed
2025/04/30 17:53:58 [INFO] 2025-04-30 17:53:58 CDT security.go:93 - CSRF token cleanup completed
2025/04/30 17:58:58 [INFO] 2025-04-30 17:58:58 CDT security.go:93 - CSRF token cleanup completed
2025/04/30 18:03:58 [INFO] 2025-04-30 18:03:58 CDT security.go:93 - CSRF token cleanup completed
2025/04/30 18:38:49 [INFO] 2025-04-30 18:38:49 CDT security.go:93 - CSRF token cleanup completed
2025/04/30 18:43:49 [INFO] 2025-04-30 18:43:49 CDT security.go:93 - CSRF token cleanup completed
2025/04/30 18:48:49 [INFO] 2025-04-30 18:48:49 CDT security.go:93 - CSRF token cleanup completed
2025/04/30 19:02:03 [INFO] 2025-04-30 19:02:03 CDT security.go:93 - CSRF token cleanup completed
2025/04/30 19:07:03 [INFO] 2025-04-30 19:07:03 CDT security.go:93 - CSRF token cleanup completed
2025/04/30 19:12:03 [INFO] 2025-04-30 19:12:03 CDT security.go:93 - CSRF token cleanup completed
2025/04/30 19:33:56 [INFO] 2025-04-30 19:33:56 CDT security.go:93 - CSRF token cleanup completed
2025/04/30 19:38:56 [INFO] 2025-04-30 19:38:56 CDT security.go:93 - CSRF token cleanup completed
2025/04/30 19:43:56 [INFO] 2025-04-30 19:43:56 CDT security.go:93 - CSRF token cleanup completed
2025/04/30 19:48:56 [INFO] 2025-04-30 19:48:56 CDT security.go:93 - CSRF token cleanup completed
2025/04/30 20:07:28 [INFO] 2025-04-30 20:07:28 CDT security.go:93 - CSRF token cleanup completed
2025/04/30 20:27:43 [INFO] 2025-04-30 20:27:43 CDT security.go:93 - CSRF token cleanup completed
2025/04/30 20:48:11 [INFO] 2025-04-30 20:48:11 CDT security.go:93 - CSRF token cleanup completed
2025/04/30 21:09:51 [INFO] 2025-04-30 21:09:51 CDT security.go:93 - CSRF token cleanup completed
2025/04/30 21:31:42 [INFO] 2025-04-30 21:31:42 CDT security.go:93 - CSRF token cleanup completed
2025/04/30 21:51:41 [INFO] 2025-04-30 21:51:41 CDT security.go:93 - CSRF token cleanup completed
2025/04/30 22:04:10 [INFO] 2025-04-30 22:04:10 CDT security.go:93 - CSRF token cleanup completed
2025/04/30 22:11:16 [INFO] 2025-04-30 22:11:16 CDT security.go:93 - CSRF token cleanup completed
2025/04/30 22:33:38 [INFO] 2025-04-30 22:33:38 CDT security.go:93 - CSRF token cleanup completed
2025/04/30 22:54:06 [INFO] 2025-04-30 22:54:06 CDT security.go:93 - CSRF token cleanup completed
2025/04/30 22:57:45 [INFO] 2025-04-30 22:57:45 CDT main.go:138 - Shutdown signal received
2025/04/30 22:57:45 [INFO] 2025-04-30 22:57:45 CDT main.go:148 - Server shut down gracefully
2025/04/30 22:57:45 [INFO] 2025-04-30 22:57:45 CDT main.go:152 - Shutdown signal received
2025/04/30 22:57:45 [INFO] 2025-04-30 22:57:45 CDT main.go:153 - Waiting for active connections to finish...
2025/04/30 22:57:45 [INFO] 2025-04-30 22:57:45 CDT main.go:155 - All connections closed. Total requests handled: 8
2025/04/30 22:57:45 [INFO] 2025-04-30 22:57:45 CDT main.go:156 - Server shut down gracefully
2025/04/30 23:04:11 [INFO] 2025-04-30 23:04:11 CDT logger.go:85 - Logger initialized, writing to logs/devlog_2025-04-30.log
2025/04/30 23:04:11 [INFO] 2025-04-30 23:04:11 CDT main.go:48 - Environment and paths loaded. Logger ready.
2025/04/30 23:04:11 [INFO] 2025-04-30 23:04:11 CDT config.go:164 - Using PayPal Sandbox environment
2025/04/30 23:04:11 [INFO] 2025-04-30 23:04:11 CDT main.go:59 - Pending payments preloaded successfully.
2025/04/30 23:04:11 [INFO] 2025-04-30 23:04:11 CDT config.go:56 - Running in development environment
2025/04/30 23:04:11 [INFO] 2025-04-30 23:04:11 CDT main.go:130 - Starting server on 0.0.0.0:5051
2025/04/30 23:04:34 [INFO] 2025-04-30 23:04:34 CDT logger.go:122 - HTTP GET /csrf-token from 127.0.0.1
2025/04/30 23:04:34 [INFO] 2025-04-30 23:04:34 CDT main.go:184 - GET /api/csrf-token took 597.353µs
2025/04/30 23:05:21 [INFO] 2025-04-30 23:05:21 CDT logger.go:122 - HTTP POST /submit-form from 127.0.0.1
2025/04/30 23:05:21 [INFO] 2025-04-30 23:05:21 CDT form.go:76 - Form values received: map[csrf_token:[UMtm4ZFGV3Pwijsn+bIFDv4WmncUT6rAhLLa29exipE=] describe:[supporter] email:[ron@movies.com] form_type:[membership] full_name:[Ron Howard] hidden_field:[] interests:[board-service] membership_status:[returning] school:[south-euless] student_1_grade:[5] student_1_name:[Jules Howard] student_2_grade:[1] student_2_name:[William Howard Newsflash] student_count:[2]]
2025/04/30 23:05:21 [INFO] 2025-04-30 23:05:21 CDT form.go:55 - Stat update: total_submissions = 1
2025/04/30 23:05:21 [INFO] 2025-04-30 23:05:21 CDT data.go:128 - Form saved successfully: booster/data/memberships/2025/membership-2025-04-30_23-05-21-9XUmDA.json
2025/04/30 23:05:21 [INFO] 2025-04-30 23:05:21 CDT form.go:148 - Form membership-2025-04-30_23-05-21-9XUmDA accepted and saved successfully
2025/04/30 23:05:21 [INFO] 2025-04-30 23:05:21 CDT form.go:55 - Stat update: successful_submissions = 1
2025/04/30 23:05:21 [INFO] 2025-04-30 23:05:21 CDT form.go:271 - Form submitted: type=membership, formID=membership-2025-04-30_23-05-21-9XUmDA, ip=127.0.0.1, time=2025-04-30 23:05:21
2025/04/30 23:05:21 [INFO] 2025-04-30 23:05:21 CDT main.go:184 - POST /api/submit-form took 2.396081ms
2025/04/30 23:07:57 [INFO] 2025-04-30 23:07:57 CDT logger.go:122 - HTTP POST /save-payment-data from 127.0.0.1
2025/04/30 23:07:57 [INFO] 2025-04-30 23:07:57 CDT payment.go:803 - Processing payment form: membership-2025-04-30_23-05-21-9XUmDA
2025/04/30 23:07:57 [INFO] 2025-04-30 23:07:57 CDT payment.go:844 - Saving payment data to: ./booster/data/memberships/2025/membership-2025-04-30_23-05-21-9XUmDA.json
2025/04/30 23:07:57 [INFO] 2025-04-30 23:07:57 CDT payment.go:884 - Base membership 'Premium Membership' = $50.00
2025/04/30 23:07:57 [INFO] 2025-04-30 23:07:57 CDT payment.go:888 - Addon 'Limited Edition Mug' = $30.00
2025/04/30 23:07:57 [INFO] 2025-04-30 23:07:57 CDT payment.go:893 - Donation = $56.00
2025/04/30 23:07:57 [INFO] 2025-04-30 23:07:57 CDT payment.go:901 - Covering processing fees: +$3.21
2025/04/30 23:07:57 [INFO] 2025-04-30 23:07:57 CDT payment.go:905 - Calculated total amount for membership-2025-04-30_23-05-21-9XUmDA: $139.21
2025/04/30 23:07:57 [INFO] 2025-04-30 23:07:57 CDT payment.go:915 - Generated access token for membership-2025-04-30_23-05-21-9XUmDA: OQjs0L3Ty4sCWdeP6J7kpg==
2025/04/30 23:07:57 [INFO] 2025-04-30 23:07:57 CDT payment.go:954 - [SavePaymentDataHandler] Successfully processed form membership-2025-04-30_23-05-21-9XUmDA
2025/04/30 23:07:57 [INFO] 2025-04-30 23:07:57 CDT main.go:184 - POST /api/save-payment-data took 5.118431ms
2025/04/30 23:07:59 [INFO] 2025-04-30 23:07:59 CDT logger.go:122 - HTTP GET /order-details from 127.0.0.1
2025/04/30 23:07:59 [INFO] 2025-04-30 23:07:59 CDT payment.go:1103 - Successfully verified access token for formID membership-2025-04-30_23-05-21-9XUmDA
2025/04/30 23:07:59 [INFO] 2025-04-30 23:07:59 CDT main.go:184 - GET /api/order-details took 597.254µs
2025/04/30 23:09:08 [INFO] 2025-04-30 23:09:08 CDT security.go:93 - CSRF token cleanup completed
2025/04/30 23:09:11 [INFO] 2025-04-30 23:09:11 CDT logger.go:122 - HTTP GET /order-details from 127.0.0.1
2025/04/30 23:09:11 [INFO] 2025-04-30 23:09:11 CDT payment.go:1103 - Successfully verified access token for formID membership-2025-04-30_23-05-21-9XUmDA
2025/04/30 23:09:11 [INFO] 2025-04-30 23:09:11 CDT main.go:184 - GET /api/order-details took 356.991µs
2025/04/30 23:09:19 [INFO] 2025-04-30 23:09:19 CDT payment.go:375 - Received PayPal order creation request for formID: membership-2025-04-30_23-05-21-9XUmDA
2025/04/30 23:09:19 [INFO] 2025-04-30 23:09:19 CDT payment.go:385 - Retrieved payment details for membership-2025-04-30_23-05-21-9XUmDA: Amount=139.21, Membership=Premium Membership
2025/04/30 23:09:19 [INFO] 2025-04-30 23:09:19 CDT payment.go:401 - Order data for PayPal: map[intent:CAPTURE purchase_units:[map[amount:map[currency_code:USD value:139.21] description:Premium Membership invoice_id:membership-2025-04-30_23-05-21-9XUmDA]]]
2025/04/30 23:09:19 [INFO] 2025-04-30 23:09:19 CDT payment.go:190 - Requesting PayPal access token
2025/04/30 23:09:19 [INFO] 2025-04-30 23:09:19 CDT payment.go:232 - Successfully obtained PayPal access token (app_id: APP-80W284485P519543T, expires in 32400 seconds)
2025/04/30 23:09:19 [INFO] 2025-04-30 23:09:19 CDT payment.go:410 - Successfully obtained PayPal access token
2025/04/30 23:09:19 [INFO] 2025-04-30 23:09:19 CDT payment.go:295 - Creating PayPal order
2025/04/30 23:09:20 [INFO] 2025-04-30 23:09:20 CDT payment.go:317 - Successfully created PayPal order
2025/04/30 23:09:20 [INFO] 2025-04-30 23:09:20 CDT payment.go:428 - Successfully created PayPal order for formID membership-2025-04-30_23-05-21-9XUmDA: OrderID=60C60809P3770873E
2025/04/30 23:09:20 [INFO] 2025-04-30 23:09:20 CDT data.go:156 - Successfully wrote file ./booster/data/memberships/2025/membership-2025-04-30_23-05-21-9XUmDA.json
2025/04/30 23:09:20 [INFO] 2025-04-30 23:09:20 CDT main.go:184 - POST /api/create-order took 1.511864769s
2025/04/30 23:09:40 [INFO] 2025-04-30 23:09:40 CDT payment.go:474 - Capturing PayPal order: 60C60809P3770873E
2025/04/30 23:09:40 [INFO] 2025-04-30 23:09:40 CDT payment.go:190 - Requesting PayPal access token
2025/04/30 23:09:40 [INFO] 2025-04-30 23:09:40 CDT payment.go:232 - Successfully obtained PayPal access token (app_id: APP-80W284485P519543T, expires in 32378 seconds)
2025/04/30 23:09:41 [INFO] 2025-04-30 23:09:41 CDT payment.go:538 - Successfully captured PayPal order: 60C60809P3770873E
2025/04/30 23:09:41 [INFO] 2025-04-30 23:09:41 CDT main.go:184 - POST /api/capture-order took 1.266837357s
2025/04/30 23:09:43 [INFO] 2025-04-30 23:09:43 CDT logger.go:122 - HTTP GET /order-details from 127.0.0.1
2025/04/30 23:09:43 [ERROR] 2025-04-30 23:09:43 CDT payment.go:1085 - Failed to parse form JSON for formID membership-2025-04-30_23-05-21-9XUmDA: json: cannot unmarshal string into Go value of type map[string]interface {}
2025/04/30 23:09:43 [INFO] 2025-04-30 23:09:43 CDT main.go:184 - GET /api/order-details took 391.457µs
2025/04/30 23:13:18 [INFO] 2025-04-30 23:13:18 CDT logger.go:122 - HTTP GET /csrf-token from 127.0.0.1
2025/04/30 23:13:18 [INFO] 2025-04-30 23:13:18 CDT main.go:184 - GET /api/csrf-token took 1.469068ms
2025/04/30 23:13:45 [INFO] 2025-04-30 23:13:45 CDT logger.go:122 - HTTP POST /submit-form from 127.0.0.1
2025/04/30 23:13:45 [INFO] 2025-04-30 23:13:45 CDT form.go:76 - Form values received: map[csrf_token:[jeGICT7VjorplHGWQAybDsMVg3vdRG1vYACpNiZP/aA=] describe:[other] email:[ron@legends.net] form_type:[membership] full_name:[Ronnie Howard] hidden_field:[] interests:[assisting-teacher] membership_status:[first-time] school:[shady-brook] student_1_grade:[4] student_1_name:[Ralph Thomas] student_count:[1]]
2025/04/30 23:13:45 [INFO] 2025-04-30 23:13:45 CDT form.go:55 - Stat update: total_submissions = 2
2025/04/30 23:13:45 [INFO] 2025-04-30 23:13:45 CDT data.go:128 - Form saved successfully: booster/data/memberships/2025/membership-2025-04-30_23-13-45-1yJNEA.json
2025/04/30 23:13:45 [INFO] 2025-04-30 23:13:45 CDT form.go:148 - Form membership-2025-04-30_23-13-45-1yJNEA accepted and saved successfully
2025/04/30 23:13:45 [INFO] 2025-04-30 23:13:45 CDT form.go:55 - Stat update: successful_submissions = 2
2025/04/30 23:13:45 [INFO] 2025-04-30 23:13:45 CDT form.go:271 - Form submitted: type=membership, formID=membership-2025-04-30_23-13-45-1yJNEA, ip=127.0.0.1, time=2025-04-30 23:13:45
2025/04/30 23:13:45 [INFO] 2025-04-30 23:13:45 CDT main.go:184 - POST /api/submit-form took 3.217347ms
2025/04/30 23:14:04 [INFO] 2025-04-30 23:14:04 CDT logger.go:122 - HTTP POST /save-payment-data from 127.0.0.1
2025/04/30 23:14:04 [INFO] 2025-04-30 23:14:04 CDT payment.go:803 - Processing payment form: membership-2025-04-30_23-13-45-1yJNEA
2025/04/30 23:14:04 [INFO] 2025-04-30 23:14:04 CDT payment.go:844 - Saving payment data to: ./booster/data/memberships/2025/membership-2025-04-30_23-13-45-1yJNEA.json
2025/04/30 23:14:04 [INFO] 2025-04-30 23:14:04 CDT payment.go:884 - Base membership 'Premium Membership' = $50.00
2025/04/30 23:14:04 [INFO] 2025-04-30 23:14:04 CDT payment.go:888 - Addon 'T-Shirt' = $15.00
2025/04/30 23:14:04 [INFO] 2025-04-30 23:14:04 CDT payment.go:893 - Donation = $45.00
2025/04/30 23:14:04 [INFO] 2025-04-30 23:14:04 CDT payment.go:905 - Calculated total amount for membership-2025-04-30_23-13-45-1yJNEA: $110.00
2025/04/30 23:14:04 [INFO] 2025-04-30 23:14:04 CDT payment.go:915 - Generated access token for membership-2025-04-30_23-13-45-1yJNEA: iOTpUBnp4D3C5UwPpAqGJg==
2025/04/30 23:14:04 [INFO] 2025-04-30 23:14:04 CDT payment.go:954 - [SavePaymentDataHandler] Successfully processed form membership-2025-04-30_23-13-45-1yJNEA
2025/04/30 23:14:04 [INFO] 2025-04-30 23:14:04 CDT main.go:184 - POST /api/save-payment-data took 4.368863ms
2025/04/30 23:14:04 [INFO] 2025-04-30 23:14:04 CDT logger.go:122 - HTTP GET /order-details from 127.0.0.1
2025/04/30 23:14:04 [INFO] 2025-04-30 23:14:04 CDT payment.go:1103 - Successfully verified access token for formID membership-2025-04-30_23-13-45-1yJNEA
2025/04/30 23:14:04 [INFO] 2025-04-30 23:14:04 CDT main.go:184 - GET /api/order-details took 321.53µs
2025/04/30 23:14:08 [INFO] 2025-04-30 23:14:08 CDT security.go:93 - CSRF token cleanup completed
2025/04/30 23:14:18 [INFO] 2025-04-30 23:14:18 CDT payment.go:375 - Received PayPal order creation request for formID: membership-2025-04-30_23-13-45-1yJNEA
2025/04/30 23:14:18 [INFO] 2025-04-30 23:14:18 CDT payment.go:385 - Retrieved payment details for membership-2025-04-30_23-13-45-1yJNEA: Amount=110.00, Membership=Premium Membership
2025/04/30 23:14:18 [INFO] 2025-04-30 23:14:18 CDT payment.go:401 - Order data for PayPal: map[intent:CAPTURE purchase_units:[map[amount:map[currency_code:USD value:110.00] description:Premium Membership invoice_id:membership-2025-04-30_23-13-45-1yJNEA]]]
2025/04/30 23:14:18 [INFO] 2025-04-30 23:14:18 CDT payment.go:190 - Requesting PayPal access token
2025/04/30 23:14:19 [INFO] 2025-04-30 23:14:19 CDT payment.go:232 - Successfully obtained PayPal access token (app_id: APP-80W284485P519543T, expires in 32101 seconds)
2025/04/30 23:14:19 [INFO] 2025-04-30 23:14:19 CDT payment.go:410 - Successfully obtained PayPal access token
2025/04/30 23:14:19 [INFO] 2025-04-30 23:14:19 CDT payment.go:295 - Creating PayPal order
2025/04/30 23:14:19 [INFO] 2025-04-30 23:14:19 CDT payment.go:317 - Successfully created PayPal order
2025/04/30 23:14:19 [INFO] 2025-04-30 23:14:19 CDT payment.go:428 - Successfully created PayPal order for formID membership-2025-04-30_23-13-45-1yJNEA: OrderID=0FJ51310NB639744S
2025/04/30 23:14:19 [INFO] 2025-04-30 23:14:19 CDT data.go:156 - Successfully wrote file ./booster/data/memberships/2025/membership-2025-04-30_23-13-45-1yJNEA.json
2025/04/30 23:14:19 [INFO] 2025-04-30 23:14:19 CDT main.go:184 - POST /api/create-order took 1.731638076s
2025/04/30 23:14:26 [INFO] 2025-04-30 23:14:26 CDT payment.go:474 - Capturing PayPal order: 0FJ51310NB639744S
2025/04/30 23:14:26 [INFO] 2025-04-30 23:14:26 CDT payment.go:190 - Requesting PayPal access token
2025/04/30 23:14:27 [INFO] 2025-04-30 23:14:27 CDT payment.go:232 - Successfully obtained PayPal access token (app_id: APP-80W284485P519543T, expires in 32092 seconds)
2025/04/30 23:14:28 [INFO] 2025-04-30 23:14:28 CDT payment.go:538 - Successfully captured PayPal order: 0FJ51310NB639744S
2025/04/30 23:14:28 [INFO] 2025-04-30 23:14:28 CDT main.go:184 - POST /api/capture-order took 1.592590906s
2025/04/30 23:14:30 [INFO] 2025-04-30 23:14:30 CDT logger.go:122 - HTTP GET /order-details from 127.0.0.1
2025/04/30 23:14:30 [ERROR] 2025-04-30 23:14:30 CDT payment.go:1085 - Failed to parse form JSON for formID membership-2025-04-30_23-13-45-1yJNEA: json: cannot unmarshal string into Go value of type map[string]interface {}
2025/04/30 23:14:30 [INFO] 2025-04-30 23:14:30 CDT main.go:184 - GET /api/order-details took 426.325µs
2025/04/30 23:17:34 [INFO] 2025-04-30 23:17:34 CDT main.go:138 - Shutdown signal received
2025/04/30 23:17:34 [INFO] 2025-04-30 23:17:34 CDT main.go:148 - Server shut down gracefully
2025/04/30 23:17:34 [INFO] 2025-04-30 23:17:34 CDT main.go:152 - Shutdown signal received
2025/04/30 23:17:34 [INFO] 2025-04-30 23:17:34 CDT main.go:153 - Waiting for active connections to finish...
2025/04/30 23:17:34 [INFO] 2025-04-30 23:17:34 CDT main.go:155 - All connections closed. Total requests handled: 15
2025/04/30 23:17:34 [INFO] 2025-04-30 23:17:34 CDT main.go:156 - Server shut down gracefully
2025/04/30 23:19:21 [INFO] 2025-04-30 23:19:21 CDT logger.go:85 - Logger initialized, writing to logs/devlog_2025-04-30.log
2025/04/30 23:19:21 [INFO] 2025-04-30 23:19:21 CDT main.go:48 - Environment and paths loaded. Logger ready.
2025/04/30 23:19:21 [INFO] 2025-04-30 23:19:21 CDT config.go:164 - Using PayPal Sandbox environment
2025/04/30 23:19:21 [INFO] 2025-04-30 23:19:21 CDT main.go:59 - Pending payments preloaded successfully.
2025/04/30 23:19:21 [INFO] 2025-04-30 23:19:21 CDT config.go:56 - Running in development environment
2025/04/30 23:19:21 [INFO] 2025-04-30 23:19:21 CDT main.go:130 - Starting server on 0.0.0.0:5051
2025/04/30 23:19:36 [INFO] 2025-04-30 23:19:36 CDT logger.go:122 - HTTP GET /csrf-token from 127.0.0.1
2025/04/30 23:19:36 [INFO] 2025-04-30 23:19:36 CDT main.go:184 - GET /api/csrf-token took 462.174µs
2025/04/30 23:20:01 [INFO] 2025-04-30 23:20:01 CDT logger.go:122 - HTTP POST /submit-form from 127.0.0.1
2025/04/30 23:20:01 [INFO] 2025-04-30 23:20:01 CDT form.go:76 - Form values received: map[csrf_token:[9lzpn9wnm5dMtoJ6YM1yVD+wH2qJ+iV4CjDF4Cy2h9Q=] describe:[at-home-teacher] email:[last@one.com] form_type:[membership] full_name:[Last One] hidden_field:[] interests:[assisting-teacher] membership_status:[first-time] school:[river-trails] student_1_grade:[3] student_1_name:[Greg Norman] student_count:[1]]
2025/04/30 23:20:01 [INFO] 2025-04-30 23:20:01 CDT form.go:55 - Stat update: total_submissions = 1
2025/04/30 23:20:01 [INFO] 2025-04-30 23:20:01 CDT data.go:128 - Form saved successfully: booster/data/memberships/2025/membership-2025-04-30_23-20-01-0xBh0Q.json
2025/04/30 23:20:01 [INFO] 2025-04-30 23:20:01 CDT form.go:148 - Form membership-2025-04-30_23-20-01-0xBh0Q accepted and saved successfully
2025/04/30 23:20:01 [INFO] 2025-04-30 23:20:01 CDT form.go:55 - Stat update: successful_submissions = 1
2025/04/30 23:20:01 [INFO] 2025-04-30 23:20:01 CDT form.go:271 - Form submitted: type=membership, formID=membership-2025-04-30_23-20-01-0xBh0Q, ip=127.0.0.1, time=2025-04-30 23:20:01
2025/04/30 23:20:01 [INFO] 2025-04-30 23:20:01 CDT main.go:184 - POST /api/submit-form took 1.582593ms
2025/04/30 23:20:21 [INFO] 2025-04-30 23:20:21 CDT logger.go:122 - HTTP POST /save-payment-data from 127.0.0.1
2025/04/30 23:20:21 [INFO] 2025-04-30 23:20:21 CDT payment.go:822 - Processing payment form: membership-2025-04-30_23-20-01-0xBh0Q
2025/04/30 23:20:21 [INFO] 2025-04-30 23:20:21 CDT payment.go:863 - Saving payment data to: ./booster/data/memberships/2025/membership-2025-04-30_23-20-01-0xBh0Q.json
2025/04/30 23:20:21 [INFO] 2025-04-30 23:20:21 CDT payment.go:903 - Base membership 'Premium Membership' = $50.00
2025/04/30 23:20:21 [INFO] 2025-04-30 23:20:21 CDT payment.go:907 - Addon 'Sticker Pack' = $5.00
2025/04/30 23:20:21 [INFO] 2025-04-30 23:20:21 CDT payment.go:920 - Covering processing fees: +$1.59
2025/04/30 23:20:21 [INFO] 2025-04-30 23:20:21 CDT payment.go:924 - Calculated total amount for membership-2025-04-30_23-20-01-0xBh0Q: $56.59
2025/04/30 23:20:21 [INFO] 2025-04-30 23:20:21 CDT payment.go:934 - Generated access token for membership-2025-04-30_23-20-01-0xBh0Q: xsZq-S_NA4Kejnk6tdLZPg==
2025/04/30 23:20:21 [INFO] 2025-04-30 23:20:21 CDT payment.go:973 - [SavePaymentDataHandler] Successfully processed form membership-2025-04-30_23-20-01-0xBh0Q
2025/04/30 23:20:21 [INFO] 2025-04-30 23:20:21 CDT main.go:184 - POST /api/save-payment-data took 8.690046ms
2025/04/30 23:20:21 [INFO] 2025-04-30 23:20:21 CDT logger.go:122 - HTTP GET /order-details from 127.0.0.1
2025/04/30 23:20:21 [INFO] 2025-04-30 23:20:21 CDT payment.go:1122 - Successfully verified access token for formID membership-2025-04-30_23-20-01-0xBh0Q
2025/04/30 23:20:21 [INFO] 2025-04-30 23:20:21 CDT main.go:184 - GET /api/order-details took 2.486208ms
2025/04/30 23:20:26 [INFO] 2025-04-30 23:20:26 CDT payment.go:375 - Received PayPal order creation request for formID: membership-2025-04-30_23-20-01-0xBh0Q
2025/04/30 23:20:26 [INFO] 2025-04-30 23:20:26 CDT payment.go:385 - Retrieved payment details for membership-2025-04-30_23-20-01-0xBh0Q: Amount=56.59, Membership=Premium Membership
2025/04/30 23:20:26 [INFO] 2025-04-30 23:20:26 CDT payment.go:401 - Order data for PayPal: map[intent:CAPTURE purchase_units:[map[amount:map[currency_code:USD value:56.59] description:Premium Membership invoice_id:membership-2025-04-30_23-20-01-0xBh0Q]]]
2025/04/30 23:20:26 [INFO] 2025-04-30 23:20:26 CDT payment.go:190 - Requesting PayPal access token
2025/04/30 23:20:26 [INFO] 2025-04-30 23:20:26 CDT payment.go:232 - Successfully obtained PayPal access token (app_id: APP-80W284485P519543T, expires in 31733 seconds)
2025/04/30 23:20:26 [INFO] 2025-04-30 23:20:26 CDT payment.go:410 - Successfully obtained PayPal access token
2025/04/30 23:20:26 [INFO] 2025-04-30 23:20:26 CDT payment.go:295 - Creating PayPal order
2025/04/30 23:20:27 [INFO] 2025-04-30 23:20:27 CDT payment.go:317 - Successfully created PayPal order
2025/04/30 23:20:27 [INFO] 2025-04-30 23:20:27 CDT payment.go:428 - Successfully created PayPal order for formID membership-2025-04-30_23-20-01-0xBh0Q: OrderID=7KU712760S905893B
2025/04/30 23:20:27 [INFO] 2025-04-30 23:20:27 CDT data.go:156 - Successfully wrote file ./booster/data/memberships/2025/membership-2025-04-30_23-20-01-0xBh0Q.json
2025/04/30 23:20:27 [INFO] 2025-04-30 23:20:27 CDT main.go:184 - POST /api/create-order took 1.49207237s
2025/04/30 23:20:36 [INFO] 2025-04-30 23:20:36 CDT logger.go:122 - HTTP POST /capture-order from 127.0.0.1
2025/04/30 23:20:36 [INFO] 2025-04-30 23:20:36 CDT payment.go:470 - Capture request received for OrderID: 7KU712760S905893B, FormID: membership-2025-04-30_23-20-01-0xBh0Q
2025/04/30 23:20:36 [INFO] 2025-04-30 23:20:36 CDT payment.go:482 - Checking form file at path: ./booster/data/memberships/2025/membership-2025-04-30_23-20-01-0xBh0Q.json
2025/04/30 23:20:36 [INFO] 2025-04-30 23:20:36 CDT payment.go:190 - Requesting PayPal access token
2025/04/30 23:20:36 [INFO] 2025-04-30 23:20:36 CDT payment.go:232 - Successfully obtained PayPal access token (app_id: APP-80W284485P519543T, expires in 31723 seconds)
2025/04/30 23:20:36 [INFO] 2025-04-30 23:20:36 CDT payment.go:512 - Sending capture request to PayPal: https://api.sandbox.paypal.com/v2/checkout/orders/7KU712760S905893B/capture
2025/04/30 23:20:37 [INFO] 2025-04-30 23:20:37 CDT payment.go:544 - Capture response for OrderID 7KU712760S905893B: {"id":"7KU712760S905893B","status":"COMPLETED","payment_source":{"paypal":{"email_address":"sb-e5ssw36384283@personal.example.com","account_id":"RD37TRTBVLK7L","account_status":"VERIFIED","name":{"given_name":"John","surname":"Doe"},"address":{"country_code":"US"}}},"purchase_units":[{"reference_id":"default","shipping":{"name":{"full_name":"John Doe"},"address":{"address_line_1":"1 Main St","admin_area_2":"San Jose","admin_area_1":"CA","postal_code":"95131","country_code":"US"}},"payments":{"captures":[{"id":"4XC03529WH901484S","status":"COMPLETED","amount":{"currency_code":"USD","value":"56.59"},"final_capture":true,"seller_protection":{"status":"ELIGIBLE","dispute_categories":["ITEM_NOT_RECEIVED","UNAUTHORIZED_TRANSACTION"]},"seller_receivable_breakdown":{"gross_amount":{"currency_code":"USD","value":"56.59"},"paypal_fee":{"currency_code":"USD","value":"2.46"},"net_amount":{"currency_code":"USD","value":"54.13"}},"invoice_id":"membership-2025-04-30_23-20-01-0xBh0Q","links":[{"href":"https://api.sandbox.paypal.com/v2/payments/captures/4XC03529WH901484S","rel":"self","method":"GET"},{"href":"https://api.sandbox.paypal.com/v2/payments/captures/4XC03529WH901484S/refund","rel":"refund","method":"POST"},{"href":"https://api.sandbox.paypal.com/v2/checkout/orders/7KU712760S905893B","rel":"up","method":"GET"}],"create_time":"2025-05-01T04:20:41Z","update_time":"2025-05-01T04:20:41Z"}]}}],"payer":{"name":{"given_name":"John","surname":"Doe"},"email_address":"sb-e5ssw36384283@personal.example.com","payer_id":"RD37TRTBVLK7L","address":{"country_code":"US"}},"links":[{"href":"https://api.sandbox.paypal.com/v2/checkout/orders/7KU712760S905893B","rel":"self","method":"GET"}]}
2025/04/30 23:20:37 [INFO] 2025-04-30 23:20:37 CDT payment.go:549 - Attempting to update form file with capture data: ./booster/data/memberships/2025/membership-2025-04-30_23-20-01-0xBh0Q.json
2025/04/30 23:20:37 [ERROR] 2025-04-30 23:20:37 CDT payment.go:561 - Failed to parse form JSON: json: cannot unmarshal string into Go value of type map[string]interface {}
2025/04/30 23:20:37 [INFO] 2025-04-30 23:20:37 CDT main.go:184 - POST /api/capture-order took 1.534899562s
2025/04/30 23:20:39 [INFO] 2025-04-30 23:20:39 CDT logger.go:122 - HTTP GET /order-details from 127.0.0.1
2025/04/30 23:20:39 [ERROR] 2025-04-30 23:20:39 CDT payment.go:1104 - Failed to parse form JSON for formID membership-2025-04-30_23-20-01-0xBh0Q: json: cannot unmarshal string into Go value of type map[string]interface {}
2025/04/30 23:20:39 [INFO] 2025-04-30 23:20:39 CDT main.go:184 - GET /api/order-details took 454.805µs
2025/04/30 23:24:21 [INFO] 2025-04-30 23:24:21 CDT security.go:93 - CSRF token cleanup completed
2025/04/30 23:29:21 [INFO] 2025-04-30 23:29:21 CDT security.go:93 - CSRF token cleanup completed
2025/04/30 23:30:14 [INFO] 2025-04-30 23:30:14 CDT main.go:138 - Shutdown signal received
2025/04/30 23:30:14 [INFO] 2025-04-30 23:30:14 CDT main.go:148 - Server shut down gracefully
2025/04/30 23:30:14 [INFO] 2025-04-30 23:30:14 CDT main.go:152 - Shutdown signal received
2025/04/30 23:30:14 [INFO] 2025-04-30 23:30:14 CDT main.go:153 - Waiting for active connections to finish...
2025/04/30 23:30:14 [INFO] 2025-04-30 23:30:14 CDT main.go:155 - All connections closed. Total requests handled: 7
2025/04/30 23:30:14 [INFO] 2025-04-30 23:30:14 CDT main.go:156 - Server shut down gracefully
2025/04/30 23:30:19 [INFO] 2025-04-30 23:30:19 CDT logger.go:85 - Logger initialized, writing to logs/devlog_2025-04-30.log
2025/04/30 23:30:19 [INFO] 2025-04-30 23:30:19 CDT main.go:48 - Environment and paths loaded. Logger ready.
2025/04/30 23:30:19 [INFO] 2025-04-30 23:30:19 CDT config.go:164 - Using PayPal Sandbox environment
2025/04/30 23:30:19 [INFO] 2025-04-30 23:30:19 CDT main.go:59 - Pending payments preloaded successfully.
2025/04/30 23:30:19 [INFO] 2025-04-30 23:30:19 CDT config.go:56 - Running in development environment
2025/04/30 23:30:19 [INFO] 2025-04-30 23:30:19 CDT main.go:130 - Starting server on 0.0.0.0:5051
2025/04/30 23:30:24 [INFO] 2025-04-30 23:30:24 CDT logger.go:122 - HTTP GET /csrf-token from 127.0.0.1
2025/04/30 23:30:24 [INFO] 2025-04-30 23:30:24 CDT main.go:184 - GET /api/csrf-token took 363.243µs
2025/04/30 23:30:59 [INFO] 2025-04-30 23:30:59 CDT logger.go:122 - HTTP POST /submit-form from 127.0.0.1
2025/04/30 23:30:59 [INFO] 2025-04-30 23:30:59 CDT form.go:76 - Form values received: map[csrf_token:[R4xx7ujVBkvXXWTpVidZK4Ndj9LpfUsVNCwm+L1i+8o=] describe:[at-home-teacher] email:[justin@wiggins.com] form_type:[membership] full_name:[Justin Wiggins] hidden_field:[] interests:[volunteering] membership_status:[returning] school:[hurst-hills-jones] student_1_grade:[2] student_1_name:[Woof Wiggins] student_2_grade:[K] student_2_name:[Paul Wiggins] student_count:[2]]
2025/04/30 23:30:59 [INFO] 2025-04-30 23:30:59 CDT form.go:55 - Stat update: total_submissions = 1
2025/04/30 23:30:59 [INFO] 2025-04-30 23:30:59 CDT data.go:128 - Form saved successfully: booster/data/memberships/2025/membership-2025-04-30_23-30-59-6gexTA.json
2025/04/30 23:30:59 [INFO] 2025-04-30 23:30:59 CDT form.go:148 - Form membership-2025-04-30_23-30-59-6gexTA accepted and saved successfully
2025/04/30 23:30:59 [INFO] 2025-04-30 23:30:59 CDT form.go:55 - Stat update: successful_submissions = 1
2025/04/30 23:30:59 [INFO] 2025-04-30 23:30:59 CDT form.go:271 - Form submitted: type=membership, formID=membership-2025-04-30_23-30-59-6gexTA, ip=127.0.0.1, time=2025-04-30 23:30:59
2025/04/30 23:30:59 [INFO] 2025-04-30 23:30:59 CDT main.go:184 - POST /api/submit-form took 2.695716ms
2025/04/30 23:31:12 [INFO] 2025-04-30 23:31:12 CDT logger.go:122 - HTTP POST /save-payment-data from 127.0.0.1
2025/04/30 23:31:12 [INFO] 2025-04-30 23:31:12 CDT payment.go:813 - Processing payment form: membership-2025-04-30_23-30-59-6gexTA
2025/04/30 23:31:12 [INFO] 2025-04-30 23:31:12 CDT payment.go:854 - Saving payment data to: ./booster/data/memberships/2025/membership-2025-04-30_23-30-59-6gexTA.json
2025/04/30 23:31:12 [INFO] 2025-04-30 23:31:12 CDT payment.go:894 - Base membership 'Premium Membership' = $50.00
2025/04/30 23:31:12 [INFO] 2025-04-30 23:31:12 CDT payment.go:898 - Addon 'Event Ticket' = $20.00
2025/04/30 23:31:12 [INFO] 2025-04-30 23:31:12 CDT payment.go:911 - Covering processing fees: +$1.89
2025/04/30 23:31:12 [INFO] 2025-04-30 23:31:12 CDT payment.go:915 - Calculated total amount for membership-2025-04-30_23-30-59-6gexTA: $71.89
2025/04/30 23:31:12 [INFO] 2025-04-30 23:31:12 CDT payment.go:925 - Generated access token for membership-2025-04-30_23-30-59-6gexTA: eAxzVH9_KIi5N64DxK5uRw==
2025/04/30 23:31:12 [INFO] 2025-04-30 23:31:12 CDT payment.go:964 - [SavePaymentDataHandler] Successfully processed form membership-2025-04-30_23-30-59-6gexTA
2025/04/30 23:31:12 [INFO] 2025-04-30 23:31:12 CDT main.go:184 - POST /api/save-payment-data took 3.88387ms
2025/04/30 23:31:13 [INFO] 2025-04-30 23:31:13 CDT logger.go:122 - HTTP GET /order-details from 127.0.0.1
2025/04/30 23:31:13 [INFO] 2025-04-30 23:31:13 CDT payment.go:1113 - Successfully verified access token for formID membership-2025-04-30_23-30-59-6gexTA
2025/04/30 23:31:13 [INFO] 2025-04-30 23:31:13 CDT main.go:184 - GET /api/order-details took 447.887µs
2025/04/30 23:31:17 [INFO] 2025-04-30 23:31:17 CDT payment.go:190 - Requesting PayPal access token
2025/04/30 23:31:17 [INFO] 2025-04-30 23:31:17 CDT payment.go:232 - Successfully obtained PayPal access token (app_id: APP-80W284485P519543T, expires in 31081 seconds)
2025/04/30 23:31:17 [INFO] 2025-04-30 23:31:17 CDT payment.go:295 - Creating PayPal order
2025/04/30 23:31:18 [INFO] 2025-04-30 23:31:18 CDT payment.go:317 - Successfully created PayPal order
2025/04/30 23:31:18 [INFO] 2025-04-30 23:31:18 CDT data.go:156 - Successfully wrote file ./booster/data/memberships/2025/membership-2025-04-30_23-30-59-6gexTA.json
2025/04/30 23:31:18 [INFO] 2025-04-30 23:31:18 CDT payment.go:437 - PayPal order 8X129370MB2741443 successfully created and stored for formID membership-2025-04-30_23-30-59-6gexTA
2025/04/30 23:31:18 [INFO] 2025-04-30 23:31:18 CDT main.go:184 - POST /api/create-order took 1.385478543s
2025/04/30 23:31:32 [INFO] 2025-04-30 23:31:32 CDT logger.go:122 - HTTP POST /capture-order from 127.0.0.1
2025/04/30 23:31:32 [INFO] 2025-04-30 23:31:32 CDT payment.go:461 - Capture request received for OrderID: 8X129370MB2741443, FormID: membership-2025-04-30_23-30-59-6gexTA
2025/04/30 23:31:32 [INFO] 2025-04-30 23:31:32 CDT payment.go:473 - Checking form file at path: ./booster/data/memberships/2025/membership-2025-04-30_23-30-59-6gexTA.json
2025/04/30 23:31:32 [INFO] 2025-04-30 23:31:32 CDT payment.go:190 - Requesting PayPal access token
2025/04/30 23:31:32 [INFO] 2025-04-30 23:31:32 CDT payment.go:232 - Successfully obtained PayPal access token (app_id: APP-80W284485P519543T, expires in 31066 seconds)
2025/04/30 23:31:32 [INFO] 2025-04-30 23:31:32 CDT payment.go:503 - Sending capture request to PayPal: https://api.sandbox.paypal.com/v2/checkout/orders/8X129370MB2741443/capture
2025/04/30 23:31:33 [INFO] 2025-04-30 23:31:33 CDT payment.go:535 - Capture response for OrderID 8X129370MB2741443: {"id":"8X129370MB2741443","status":"COMPLETED","payment_source":{"paypal":{"email_address":"sb-e5ssw36384283@personal.example.com","account_id":"RD37TRTBVLK7L","account_status":"VERIFIED","name":{"given_name":"John","surname":"Doe"},"address":{"country_code":"US"}}},"purchase_units":[{"reference_id":"default","shipping":{"name":{"full_name":"John Doe"},"address":{"address_line_1":"1 Main St","admin_area_2":"San Jose","admin_area_1":"CA","postal_code":"95131","country_code":"US"}},"payments":{"captures":[{"id":"6M54460052370880X","status":"COMPLETED","amount":{"currency_code":"USD","value":"71.89"},"final_capture":true,"seller_protection":{"status":"ELIGIBLE","dispute_categories":["ITEM_NOT_RECEIVED","UNAUTHORIZED_TRANSACTION"]},"seller_receivable_breakdown":{"gross_amount":{"currency_code":"USD","value":"71.89"},"paypal_fee":{"currency_code":"USD","value":"3.00"},"net_amount":{"currency_code":"USD","value":"68.89"}},"invoice_id":"membership-2025-04-30_23-30-59-6gexTA","links":[{"href":"https://api.sandbox.paypal.com/v2/payments/captures/6M54460052370880X","rel":"self","method":"GET"},{"href":"https://api.sandbox.paypal.com/v2/payments/captures/6M54460052370880X/refund","rel":"refund","method":"POST"},{"href":"https://api.sandbox.paypal.com/v2/checkout/orders/8X129370MB2741443","rel":"up","method":"GET"}],"create_time":"2025-05-01T04:31:37Z","update_time":"2025-05-01T04:31:37Z"}]}}],"payer":{"name":{"given_name":"John","surname":"Doe"},"email_address":"sb-e5ssw36384283@personal.example.com","payer_id":"RD37TRTBVLK7L","address":{"country_code":"US"}},"links":[{"href":"https://api.sandbox.paypal.com/v2/checkout/orders/8X129370MB2741443","rel":"self","method":"GET"}]}
2025/04/30 23:31:33 [INFO] 2025-04-30 23:31:33 CDT payment.go:540 - Attempting to update form file with capture data: ./booster/data/memberships/2025/membership-2025-04-30_23-30-59-6gexTA.json
2025/04/30 23:31:33 [INFO] 2025-04-30 23:31:33 CDT data.go:156 - Successfully wrote file ./booster/data/memberships/2025/membership-2025-04-30_23-30-59-6gexTA.json
2025/04/30 23:31:33 [INFO] 2025-04-30 23:31:33 CDT payment.go:566 - Successfully updated form file with capture details
2025/04/30 23:31:33 [INFO] 2025-04-30 23:31:33 CDT main.go:184 - POST /api/capture-order took 1.375329647s
2025/04/30 23:31:35 [INFO] 2025-04-30 23:31:35 CDT logger.go:122 - HTTP GET /order-details from 127.0.0.1
2025/04/30 23:31:35 [ERROR] 2025-04-30 23:31:35 CDT payment.go:1095 - Failed to parse form JSON for formID membership-2025-04-30_23-30-59-6gexTA: json: cannot unmarshal string into Go value of type map[string]interface {}
2025/04/30 23:31:35 [INFO] 2025-04-30 23:31:35 CDT main.go:184 - GET /api/order-details took 455.257µs
2025/04/30 23:35:19 [INFO] 2025-04-30 23:35:19 CDT security.go:93 - CSRF token cleanup completed
2025/04/30 23:40:19 [INFO] 2025-04-30 23:40:19 CDT security.go:93 - CSRF token cleanup completed
2025/04/30 23:45:19 [INFO] 2025-04-30 23:45:19 CDT security.go:93 - CSRF token cleanup completed
2025/04/30 23:50:19 [INFO] 2025-04-30 23:50:19 CDT security.go:93 - CSRF token cleanup completed
2025/04/30 23:55:19 [INFO] 2025-04-30 23:55:19 CDT security.go:93 - CSRF token cleanup completed
2025/05/01 00:00:19 [INFO] 2025-05-01 00:00:19 CDT security.go:93 - CSRF token cleanup completed
2025/05/01 00:48:47 [INFO] 2025-05-01 00:48:47 CDT security.go:93 - CSRF token cleanup completed
2025/05/01 00:53:47 [INFO] 2025-05-01 00:53:47 CDT security.go:93 - CSRF token cleanup completed
2025/05/01 00:58:47 [INFO] 2025-05-01 00:58:47 CDT security.go:93 - CSRF token cleanup completed
2025/05/01 01:03:47 [INFO] 2025-05-01 01:03:47 CDT security.go:93 - CSRF token cleanup completed
2025/05/01 01:08:47 [INFO] 2025-05-01 01:08:47 CDT security.go:93 - CSRF token cleanup completed
2025/05/01 01:13:47 [INFO] 2025-05-01 01:13:47 CDT security.go:93 - CSRF token cleanup completed
2025/05/01 01:18:47 [INFO] 2025-05-01 01:18:47 CDT security.go:93 - CSRF token cleanup completed
2025/05/01 01:23:47 [INFO] 2025-05-01 01:23:47 CDT security.go:93 - CSRF token cleanup completed
2025/05/01 01:45:10 [INFO] 2025-05-01 01:45:10 CDT security.go:93 - CSRF token cleanup completed
2025/05/01 02:03:39 [INFO] 2025-05-01 02:03:39 CDT security.go:93 - CSRF token cleanup completed
2025/05/01 02:23:54 [INFO] 2025-05-01 02:23:54 CDT security.go:93 - CSRF token cleanup completed
2025/05/01 02:46:31 [INFO] 2025-05-01 02:46:31 CDT security.go:93 - CSRF token cleanup completed
2025/05/01 03:04:20 [INFO] 2025-05-01 03:04:20 CDT security.go:93 - CSRF token cleanup completed
2025/05/01 03:24:51 [INFO] 2025-05-01 03:24:51 CDT security.go:93 - CSRF token cleanup completed
2025/05/01 03:47:34 [INFO] 2025-05-01 03:47:34 CDT security.go:93 - CSRF token cleanup completed
2025/05/01 04:05:01 [INFO] 2025-05-01 04:05:01 CDT security.go:93 - CSRF token cleanup completed
2025/05/01 04:26:21 [INFO] 2025-05-01 04:26:21 CDT security.go:93 - CSRF token cleanup completed
2025/05/01 04:48:48 [INFO] 2025-05-01 04:48:48 CDT security.go:93 - CSRF token cleanup completed
2025/05/01 05:05:42 [INFO] 2025-05-01 05:05:42 CDT security.go:93 - CSRF token cleanup completed
2025/05/01 05:23:44 [INFO] 2025-05-01 05:23:44 CDT security.go:93 - CSRF token cleanup completed
2025/05/01 05:43:43 [INFO] 2025-05-01 05:43:43 CDT security.go:93 - CSRF token cleanup completed
2025/05/01 06:04:43 [INFO] 2025-05-01 06:04:43 CDT security.go:93 - CSRF token cleanup completed
2025/05/01 06:16:03 [INFO] 2025-05-01 06:16:03 CDT security.go:93 - CSRF token cleanup completed
2025/05/01 06:21:03 [INFO] 2025-05-01 06:21:03 CDT security.go:93 - CSRF token cleanup completed
2025/05/01 06:26:03 [INFO] 2025-05-01 06:26:03 CDT security.go:93 - CSRF token cleanup completed
2025/05/01 06:31:03 [INFO] 2025-05-01 06:31:03 CDT security.go:93 - CSRF token cleanup completed
2025/05/01 06:36:03 [INFO] 2025-05-01 06:36:03 CDT security.go:93 - CSRF token cleanup completed
2025/05/01 06:41:03 [INFO] 2025-05-01 06:41:03 CDT security.go:93 - CSRF token cleanup completed
2025/05/01 06:46:03 [INFO] 2025-05-01 06:46:03 CDT security.go:93 - CSRF token cleanup completed
2025/05/01 06:51:03 [INFO] 2025-05-01 06:51:03 CDT security.go:93 - CSRF token cleanup completed
2025/05/01 06:56:03 [INFO] 2025-05-01 06:56:03 CDT security.go:93 - CSRF token cleanup completed
2025/05/01 07:01:03 [INFO] 2025-05-01 07:01:03 CDT security.go:93 - CSRF token cleanup completed
2025/05/01 07:35:53 [INFO] 2025-05-01 07:35:53 CDT security.go:93 - CSRF token cleanup completed
2025/05/01 07:57:11 [INFO] 2025-05-01 07:57:11 CDT security.go:93 - CSRF token cleanup completed
2025/05/01 08:20:02 [INFO] 2025-05-01 08:20:02 CDT security.go:93 - CSRF token cleanup completed
2025/05/01 08:25:02 [INFO] 2025-05-01 08:25:02 CDT security.go:93 - CSRF token cleanup completed
2025/05/01 08:30:02 [INFO] 2025-05-01 08:30:02 CDT security.go:93 - CSRF token cleanup completed
2025/05/01 08:35:02 [INFO] 2025-05-01 08:35:02 CDT security.go:93 - CSRF token cleanup completed
2025/05/01 08:40:02 [INFO] 2025-05-01 08:40:02 CDT security.go:93 - CSRF token cleanup completed
2025/05/01 08:45:02 [INFO] 2025-05-01 08:45:02 CDT security.go:93 - CSRF token cleanup completed
2025/05/01 08:50:02 [INFO] 2025-05-01 08:50:02 CDT security.go:93 - CSRF token cleanup completed
2025/05/01 08:55:02 [INFO] 2025-05-01 08:55:02 CDT security.go:93 - CSRF token cleanup completed
2025/05/01 09:00:02 [INFO] 2025-05-01 09:00:02 CDT security.go:93 - CSRF token cleanup completed
2025/05/01 09:22:40 [INFO] 2025-05-01 09:22:40 CDT security.go:93 - CSRF token cleanup completed
2025/05/01 09:43:45 [INFO] 2025-05-01 09:43:45 CDT security.go:93 - CSRF token cleanup completed
2025/05/01 10:04:42 [INFO] 2025-05-01 10:04:42 CDT security.go:93 - CSRF token cleanup completed
2025/05/01 10:09:42 [INFO] 2025-05-01 10:09:42 CDT security.go:93 - CSRF token cleanup completed
2025/05/01 10:12:36 [INFO] 2025-05-01 10:12:36 CDT main.go:138 - Shutdown signal received
2025/05/01 10:12:36 [INFO] 2025-05-01 10:12:36 CDT main.go:148 - Server shut down gracefully
2025/05/01 10:12:36 [INFO] 2025-05-01 10:12:36 CDT main.go:152 - Shutdown signal received
2025/05/01 10:12:36 [INFO] 2025-05-01 10:12:36 CDT main.go:153 - Waiting for active connections to finish...
2025/05/01 10:12:36 [INFO] 2025-05-01 10:12:36 CDT main.go:155 - All connections closed. Total requests handled: 7
2025/05/01 10:12:36 [INFO] 2025-05-01 10:12:36 CDT main.go:156 - Server shut down gracefully
